
2018-04-21 13:53:53:---[bs4]---:'list' object is not callable
2018-04-21 13:55:32:---[bs4]---:'list' object has no attribute 'values'
2018-04-21 13:56:14:---[bs4]---:'list' object is not callable
2018-04-21 13:57:15:---[bs4]---:'list' object is not callable
2018-04-21 13:57:34:---[bs4]---:'list' object is not callable
2018-04-21 13:57:58:---[bs4]---:'list' object is not callable
2018-04-21 13:58:04:---[bs4]---:'list' object is not callable
2018-04-21 13:58:14:---[bs4]---:'list' object is not callable
2018-04-21 13:58:41:---[bs4]---:'list' object has no attribute 'values'
2018-04-21 14:00:28:---[bs4]---:'list' object is not callable
2018-04-21 14:00:47:---[bs4]---:'list' object is not callable
2018-04-21 14:01:26:---[bs4]---:'list' object is not callable
2018-04-21 14:02:16:---[bs4]---:'tuple' object has no attribute 'keys'
2018-04-21 14:02:31:---[bs4]---:'tuple' object has no attribute 'keys'
2018-04-21 14:02:41:---[bs4]---:'int' object has no attribute 'keys'
2018-04-21 14:06:15:---[bs4]---:'int' object has no attribute '__getitem__'
2018-04-21 14:06:31:---[bs4]---:'list' object has no attribute 'values'
2018-04-21 14:07:12:---[bs4]---:'list' object has no attribute 'values'
2018-04-21 14:10:09:---[bs4]---:'list' object is not callable
2018-04-21 14:16:09:---[bs4]---:argument 2 to map() must support iteration
2018-04-21 14:23:19:---[bet_form]---:{'bonus': 'NTY0MA==', 'tag': 'jczq', 'lotteryid': 2521, 'cart': '%5B%7B%22ball%22%3A%22107004%3A%E5%91%A8%E5%85%AD008%3A%5B%E8%AE%A9%E7%90%83%E4%B8%BB%E8%B4%9F_1.64%5D/107005%3A%E5%91%A8%E5%85%AD009%3A%5B%E8%AE%A9%E7%90%83%E4%B8%BB%E8%B4%9F_1.80%5D%22%2C%22data%22%3A%22107004%3A%E5%91%A8%E5%85%AD008%3A%5B%E8%AE%A9%E7%90%83%E4%B8%BB%E8%B4%9F_1.64%5D/107005%3A%E5%91%A8%E5%85%AD009%3A%5B%E8%AE%A9%E7%90%83%E4%B8%BB%E8%B4%9F_1.80%5D%5E2%E4%B8%B21%22%2C%22tag%22%3A%22jczq%22%2C%22times%22%3A%221%22%2C%22note%22%3A1%2C%22money%22%3A2%2C%22matchcount%22%3A2%7D%5D'}
2018-04-21 14:23:19:---[bet]---:{"result":"ill request","msg":"\u7cfb\u7edf\u5f02\u5e38\uff0c\u8bf7\u7a0d\u540e\u518d\u8bd5"}
2018-04-21 14:23:34:---[bet_form]---:{'bonus': 'NTY0MA==', 'tag': 'jczq', 'lotteryid': 21, 'cart': '%5B%7B%22ball%22%3A%22107109%3A%E5%91%A8%E6%97%A5018%3A%5BNone_250.0%5D/107108%3A%E5%91%A8%E6%97%A5017%3A%5BNone_60.00%5D%22%2C%22data%22%3A%22107109%3A%E5%91%A8%E6%97%A5018%3A%5BNone_250.0%5D/107108%3A%E5%91%A8%E6%97%A5017%3A%5BNone_60.00%5D%5E2%E4%B8%B21%22%2C%22tag%22%3A%22jczq%22%2C%22times%22%3A%221%22%2C%22note%22%3A1%2C%22money%22%3A2%2C%22matchcount%22%3A2%7D%5D'}
2018-04-21 14:23:34:---[bet]---:{"result":"sucess","msg":"\u6570\u636e\u9a8c\u8bc1\u6210\u529f\uff01","id":["9101876","18042114231388728545ad"],"url":"\/index.php?act=lottery&st=lotterypay&pid=1&prebuyid=9101876&number=1&multiple=1&amount=2&lotteryid=21&lotteryname=%E7%AB%9E%E5%BD%A9%E8%B6%B3%E7%90%83%E6%AF%94%E5%88%86&issue=20100501&bettype=1&freezeamt=0&ischaseid=0&sid=af66954ed5a4da7992cc134569fc2c1281740563&userid=9380128&orderid=18042114231388728545ad&sign=202168301414c29a9621c0b529f098cc"}
2018-04-21 14:23:34:---[21]---:竞彩足球比分投注成功,orderid:18042114231388728545ad
2018-04-21 14:27:17:---[bet_form]---:{'bonus': 'NTY0MA==', 'tag': 'jczq', 'lotteryid': 2521, 'cart': '%5B%7B%22ball%22%3A%22107004%3A%E5%91%A8%E5%85%AD008%3A%5B%E8%AE%A9%E7%90%83%E4%B8%BB%E8%B4%9F_1.64%5D/107005%3A%E5%91%A8%E5%85%AD009%3A%5B%E8%AE%A9%E7%90%83%E4%B8%BB%E8%B4%9F_1.80%5D%22%2C%22data%22%3A%22107004%3A%E5%91%A8%E5%85%AD008%3A%5B%E8%AE%A9%E7%90%83%E4%B8%BB%E8%B4%9F_1.64%5D/107005%3A%E5%91%A8%E5%85%AD009%3A%5B%E8%AE%A9%E7%90%83%E4%B8%BB%E8%B4%9F_1.80%5D%5E2%E4%B8%B21%22%2C%22tag%22%3A%22jczq%22%2C%22times%22%3A%221%22%2C%22note%22%3A1%2C%22money%22%3A2%2C%22matchcount%22%3A2%7D%5D'}
2018-04-21 14:27:17:---[bet]---:{"result":"ill request","msg":"\u7cfb\u7edf\u5f02\u5e38\uff0c\u8bf7\u7a0d\u540e\u518d\u8bd5"}
2018-04-21 14:46:59:---[bet_form]---:{'bonus': 'NTY0MA==', 'tag': 'jczq', 'lotteryid': 2521, 'cart': '%5B%7B%22ball%22%3A%22107009%3A%E5%91%A8%E5%85%AD013%3A%5B%E4%B8%BB%E8%B4%9F_1.98%5D/107010%3A%E5%91%A8%E5%85%AD014%3A%5B%E4%B8%BB%E8%B4%9F_1.74%5D%22%2C%22data%22%3A%22107009%3A%E5%91%A8%E5%85%AD013%3A%5B%E4%B8%BB%E8%B4%9F_1.98%5D/107010%3A%E5%91%A8%E5%85%AD014%3A%5B%E4%B8%BB%E8%B4%9F_1.74%5D%5E2%E4%B8%B21%22%2C%22tag%22%3A%22jczq%22%2C%22times%22%3A%221%22%2C%22note%22%3A1%2C%22money%22%3A2%2C%22matchcount%22%3A2%7D%5D'}
2018-04-21 14:46:59:---[bet]---:{"result":"ill request","msg":"\u7cfb\u7edf\u5f02\u5e38\uff0c\u8bf7\u7a0d\u540e\u518d\u8bd5"}
2018-04-21 14:51:04:---[bet_form]---:{'bonus': 'NTY0MA==', 'lotterytype': 'exy', 'tag': 'jczq', 'lotteryid': 2521, 'cart': '%5B%7B%22ball%22%3A%22107009%3A%E5%91%A8%E5%85%AD013%3A%5B%E4%B8%BB%E8%B4%9F_1.98%5D/107010%3A%E5%91%A8%E5%85%AD014%3A%5B%E4%B8%BB%E8%B4%9F_1.74%5D%22%2C%22data%22%3A%22107009%3A%E5%91%A8%E5%85%AD013%3A%5B%E4%B8%BB%E8%B4%9F_1.98%5D/107010%3A%E5%91%A8%E5%85%AD014%3A%5B%E4%B8%BB%E8%B4%9F_1.74%5D%5E2%E4%B8%B21%22%2C%22tag%22%3A%22jczq%22%2C%22times%22%3A%221%22%2C%22note%22%3A1%2C%22money%22%3A2%2C%22matchcount%22%3A2%7D%5D'}
2018-04-21 14:51:04:---[bet]---:{"result":"ill request","msg":"\u7cfb\u7edf\u5f02\u5e38\uff0c\u8bf7\u7a0d\u540e\u518d\u8bd5"}
2018-04-21 14:52:01:---[bet_form]---:{'bonus': 'NTY0MA==', 'lotterytype': 'exy', 'tag': 'jczq', 'lotteryid': 2521, 'cart': '%5B%7B%22ball%22%3A%22107009%3A%E5%91%A8%E5%85%AD013%3A%5B%E4%B8%BB%E8%B4%9F_1.98%5D/107010%3A%E5%91%A8%E5%85%AD014%3A%5B%E4%B8%BB%E8%B4%9F_1.74%5D%22%2C%22data%22%3A%22107009%3A%E5%91%A8%E5%85%AD013%3A%5B%E4%B8%BB%E8%B4%9F_1.98%5D/107010%3A%E5%91%A8%E5%85%AD014%3A%5B%E4%B8%BB%E8%B4%9F_1.74%5D%5E2%E4%B8%B21%22%2C%22tag%22%3A%22jczq%22%2C%22times%22%3A%221%22%2C%22note%22%3A1%2C%22money%22%3A2%2C%22matchcount%22%3A2%7D%5D'}
2018-04-21 14:52:02:---[bet]---:{"result":"ill request","msg":"\u7cfb\u7edf\u5f02\u5e38\uff0c\u8bf7\u7a0d\u540e\u518d\u8bd5"}
2018-04-21 15:01:39:---[bet_form]---:{'bonus': 'NTY0MA==', 'tag': 'jclq', 'lotteryid': 30, 'cart': '%5B%7B%22ball%22%3A%22106993%3A%E5%91%A8%E5%85%AD301%3A%5B%E4%B8%BB%E8%83%9C_2.16%5D/106995%3A%E5%91%A8%E5%85%AD303%3A%5B%E4%B8%BB%E8%83%9C_3.10%5D%22%2C%22data%22%3A%22106993%3A%E5%91%A8%E5%85%AD301%3A%5B%E4%B8%BB%E8%83%9C_2.16%5D/106995%3A%E5%91%A8%E5%85%AD303%3A%5B%E4%B8%BB%E8%83%9C_3.10%5D%5E2%E4%B8%B21%22%2C%22tag%22%3A%22jclq%22%2C%22times%22%3A%221%22%2C%22note%22%3A1%2C%22money%22%3A2%2C%22matchcount%22%3A2%7D%5D'}
2018-04-21 15:01:39:---[bet]---:{"result":"sucess","msg":"\u6570\u636e\u9a8c\u8bc1\u6210\u529f\uff01","id":["9101996","18042115016497650365ad"],"url":"\/index.php?act=lottery&st=lotterypay&pid=1&prebuyid=9101996&number=1&multiple=1&amount=2&lotteryid=30&lotteryname=%E7%AB%9E%E5%BD%A9%E7%AF%AE%E7%90%83%E8%83%9C%E8%B4%9F&issue=20100501&bettype=1&freezeamt=0&ischaseid=0&sid=68f4b69810a6b91ffc506e53a4ddbbb7f30b35cd&userid=9380128&orderid=18042115016497650365ad&sign=d46d8adf30a30edb1401a9104377ad36"}
2018-04-21 15:01:39:---[30]---:竞彩篮球胜负投注成功,orderid:18042115016497650365ad
2018-04-21 15:01:47:---[bet_form]---:{'bonus': 'NTY0MA==', 'tag': 'jclq', 'lotteryid': 31, 'cart': '%5B%7B%22ball%22%3A%22106993%3A%E5%91%A8%E5%85%AD301%3A%5B%E8%AE%A9%E5%88%86%E4%B8%BB%E8%83%9C_1.75%5D/106995%3A%E5%91%A8%E5%85%AD303%3A%5B%E8%AE%A9%E5%88%86%E4%B8%BB%E8%83%9C_1.81%5D%22%2C%22data%22%3A%22106993%3A%E5%91%A8%E5%85%AD301%3A%5B%E8%AE%A9%E5%88%86%E4%B8%BB%E8%83%9C_1.75%5D/106995%3A%E5%91%A8%E5%85%AD303%3A%5B%E8%AE%A9%E5%88%86%E4%B8%BB%E8%83%9C_1.81%5D%5E2%E4%B8%B21%22%2C%22tag%22%3A%22jclq%22%2C%22times%22%3A%221%22%2C%22note%22%3A1%2C%22money%22%3A2%2C%22matchcount%22%3A2%7D%5D'}
2018-04-21 15:01:47:---[bet]---:{"result":"sucess","msg":"\u6570\u636e\u9a8c\u8bc1\u6210\u529f\uff01","id":["9101998","180421150115832815615a"],"url":"\/index.php?act=lottery&st=lotterypay&pid=1&prebuyid=9101998&number=1&multiple=1&amount=2&lotteryid=31&lotteryname=%E7%AB%9E%E5%BD%A9%E7%AF%AE%E7%90%83%E8%AE%A9%E5%88%86%E8%83%9C%E8%B4%9F&issue=20100501&bettype=1&freezeamt=0&ischaseid=0&sid=b9f2da4e6df43579d77777de62efadb41bf07c98&userid=9380128&orderid=180421150115832815615a&sign=92654a80eb7c644c1d4a28de7b7bf872"}
2018-04-21 15:01:47:---[31]---:竞彩篮球让分胜负投注成功,orderid:180421150115832815615a
2018-04-21 15:01:52:---[bet_form]---:{'bonus': 'NTY0MA==', 'tag': 'jclq', 'lotteryid': 32, 'cart': '%5B%7B%22ball%22%3A%22106993%3A%E5%91%A8%E5%85%AD301%3A%5B%E4%B8%BB%E8%83%9C26%2B_47.00%5D/106995%3A%E5%91%A8%E5%85%AD303%3A%5B%E4%B8%BB%E8%83%9C26%2B_60.00%5D%22%2C%22data%22%3A%22106993%3A%E5%91%A8%E5%85%AD301%3A%5B%E4%B8%BB%E8%83%9C26%2B_47.00%5D/106995%3A%E5%91%A8%E5%85%AD303%3A%5B%E4%B8%BB%E8%83%9C26%2B_60.00%5D%5E2%E4%B8%B21%22%2C%22tag%22%3A%22jclq%22%2C%22times%22%3A%221%22%2C%22note%22%3A1%2C%22money%22%3A2%2C%22matchcount%22%3A2%7D%5D'}
2018-04-21 15:01:52:---[bet]---:{"result":"sucess","msg":"\u6570\u636e\u9a8c\u8bc1\u6210\u529f\uff01","id":["9102000","1804211501956505115ada"],"url":"\/index.php?act=lottery&st=lotterypay&pid=1&prebuyid=9102000&number=1&multiple=1&amount=2&lotteryid=32&lotteryname=%E7%AB%9E%E5%BD%A9%E7%AF%AE%E7%90%83%E8%83%9C%E5%88%86%E5%B7%AE&issue=20100501&bettype=1&freezeamt=0&ischaseid=0&sid=f038b671f98338bd43382508ceaee23969f838f8&userid=9380128&orderid=1804211501956505115ada&sign=53f4727ff0ccd459c9f672f6d83df35b"}
2018-04-21 15:01:52:---[32]---:竞彩篮球胜分差投注成功,orderid:1804211501956505115ada
2018-04-21 15:01:58:---[bet_form]---:{'bonus': 'NTY0MA==', 'tag': 'jclq', 'lotteryid': 33, 'cart': '%5B%7B%22ball%22%3A%22106993%3A%E5%91%A8%E5%85%AD301%3A%5B%E5%B0%8F_1.75%5D/106995%3A%E5%91%A8%E5%85%AD303%3A%5B%E5%B0%8F_1.75%5D%22%2C%22data%22%3A%22106993%3A%E5%91%A8%E5%85%AD301%3A%5B%E5%B0%8F_1.75%5D/106995%3A%E5%91%A8%E5%85%AD303%3A%5B%E5%B0%8F_1.75%5D%5E2%E4%B8%B21%22%2C%22tag%22%3A%22jclq%22%2C%22times%22%3A%221%22%2C%22note%22%3A1%2C%22money%22%3A2%2C%22matchcount%22%3A2%7D%5D'}
2018-04-21 15:01:58:---[bet]---:{"result":"sucess","msg":"\u6570\u636e\u9a8c\u8bc1\u6210\u529f\uff01","id":["9102002","180421150113671566025a"],"url":"\/index.php?act=lottery&st=lotterypay&pid=1&prebuyid=9102002&number=1&multiple=1&amount=2&lotteryid=33&lotteryname=%E7%AB%9E%E5%BD%A9%E7%AF%AE%E7%90%83%E5%A4%A7%E5%B0%8F%E5%88%86&issue=20100501&bettype=1&freezeamt=0&ischaseid=0&sid=27df647c0744278961e8d36fa9ba31469e1fd23a&userid=9380128&orderid=180421150113671566025a&sign=5416642434194f8bf7fc12f189ee6db9"}
2018-04-21 15:01:58:---[33]---:竞彩篮球大小分投注成功,orderid:180421150113671566025a
2018-04-21 15:02:12:---[bet_form]---:{'bonus': 'NTY0MA==', 'tag': 'jclq', 'lotteryid': 35, 'cart': '%5B%7B%22ball%22%3A%22106993%3A%E5%91%A8%E5%85%AD301%3A%5B%E4%B8%BB%E8%B4%9F_1.46%5D/106995%3A%E5%91%A8%E5%85%AD303%3A%5B%E4%B8%BB%E8%B4%9F_1.21%5D%22%2C%22data%22%3A%22106993%3A%E5%91%A8%E5%85%AD301%3A%5B%E4%B8%BB%E8%B4%9F_1.46%5D/106995%3A%E5%91%A8%E5%85%AD303%3A%5B%E4%B8%BB%E8%B4%9F_1.21%5D%5E2%E4%B8%B21%22%2C%22tag%22%3A%22jclq%22%2C%22times%22%3A%221%22%2C%22note%22%3A1%2C%22money%22%3A2%2C%22matchcount%22%3A2%7D%5D'}
2018-04-21 15:02:12:---[bet]---:{"result":"sucess","msg":"\u6570\u636e\u9a8c\u8bc1\u6210\u529f\uff01","id":["9102004","18042115022968014265ad"],"url":"\/index.php?act=lottery&st=lotterypay&pid=1&prebuyid=9102004&number=1&multiple=1&amount=2&lotteryid=35&lotteryname=%E7%AB%9E%E5%BD%A9%E7%AF%AE%E7%90%83%E6%B7%B7%E5%90%88&issue=20100501&bettype=1&freezeamt=0&ischaseid=0&sid=a3fcb5bf9f7f3f6f55e025377e6cb54d94ba3326&userid=9380128&orderid=18042115022968014265ad&sign=797353a3ae0e6dbd0fe9cb46da47d682"}
2018-04-21 15:02:12:---[35]---:竞彩篮球混合投注成功,orderid:18042115022968014265ad
2018-04-21 15:02:19:---[bet_form]---:{'bonus': 'NTY0MA==', 'tag': 'jczq', 'lotteryid': 20, 'cart': '%5B%7B%22ball%22%3A%22107109%3A%E5%91%A8%E6%97%A5018%3A%5B%E4%B8%BB%E8%B4%9F_7.00%5D/107108%3A%E5%91%A8%E6%97%A5017%3A%5B%E4%B8%BB%E8%B4%9F_2.42%5D%22%2C%22data%22%3A%22107109%3A%E5%91%A8%E6%97%A5018%3A%5B%E4%B8%BB%E8%B4%9F_7.00%5D/107108%3A%E5%91%A8%E6%97%A5017%3A%5B%E4%B8%BB%E8%B4%9F_2.42%5D%5E2%E4%B8%B21%22%2C%22tag%22%3A%22jczq%22%2C%22times%22%3A%221%22%2C%22note%22%3A1%2C%22money%22%3A2%2C%22matchcount%22%3A2%7D%5D'}
2018-04-21 15:02:19:---[bet]---:{"result":"sucess","msg":"\u6570\u636e\u9a8c\u8bc1\u6210\u529f\uff01","id":["9102006","180421150216575254975a"],"url":"\/index.php?act=lottery&st=lotterypay&pid=1&prebuyid=9102006&number=1&multiple=1&amount=2&lotteryid=20&lotteryname=%E7%AB%9E%E5%BD%A9%E8%B6%B3%E7%90%83%E8%83%9C%E5%B9%B3%E8%B4%9F&issue=20100501&bettype=1&freezeamt=0&ischaseid=0&sid=5f014f332dacdb628b9a09cee5e4d179a106ad93&userid=9380128&orderid=180421150216575254975a&sign=b575590ecb0a328bd58a50fa2c31cc2d"}
2018-04-21 15:02:19:---[20]---:竞彩足球胜平负投注成功,orderid:180421150216575254975a
2018-04-21 15:02:25:---[bet_form]---:{'bonus': 'NTY0MA==', 'tag': 'jczq', 'lotteryid': 21, 'cart': '%5B%7B%22ball%22%3A%22107109%3A%E5%91%A8%E6%97%A5018%3A%5BNone_250.0%5D/107108%3A%E5%91%A8%E6%97%A5017%3A%5BNone_60.00%5D%22%2C%22data%22%3A%22107109%3A%E5%91%A8%E6%97%A5018%3A%5BNone_250.0%5D/107108%3A%E5%91%A8%E6%97%A5017%3A%5BNone_60.00%5D%5E2%E4%B8%B21%22%2C%22tag%22%3A%22jczq%22%2C%22times%22%3A%221%22%2C%22note%22%3A1%2C%22money%22%3A2%2C%22matchcount%22%3A2%7D%5D'}
2018-04-21 15:02:25:---[bet]---:{"result":"sucess","msg":"\u6570\u636e\u9a8c\u8bc1\u6210\u529f\uff01","id":["9102008","18042115029199446435ad"],"url":"\/index.php?act=lottery&st=lotterypay&pid=1&prebuyid=9102008&number=1&multiple=1&amount=2&lotteryid=21&lotteryname=%E7%AB%9E%E5%BD%A9%E8%B6%B3%E7%90%83%E6%AF%94%E5%88%86&issue=20100501&bettype=1&freezeamt=0&ischaseid=0&sid=cccac001c9ccc282c7ba25421ace0fed73a418f7&userid=9380128&orderid=18042115029199446435ad&sign=6fc521d870b0a61a3a522af146a72032"}
2018-04-21 15:02:25:---[21]---:竞彩足球比分投注成功,orderid:18042115029199446435ad
2018-04-21 15:02:31:---[bet_form]---:{'bonus': 'NTY0MA==', 'tag': 'jczq', 'lotteryid': 22, 'cart': '%5B%7B%22ball%22%3A%22107109%3A%E5%91%A8%E6%97%A5018%3A%5BNone_22.00%5D/107108%3A%E5%91%A8%E6%97%A5017%3A%5BNone_24.00%5D%22%2C%22data%22%3A%22107109%3A%E5%91%A8%E6%97%A5018%3A%5BNone_22.00%5D/107108%3A%E5%91%A8%E6%97%A5017%3A%5BNone_24.00%5D%5E2%E4%B8%B21%22%2C%22tag%22%3A%22jczq%22%2C%22times%22%3A%221%22%2C%22note%22%3A1%2C%22money%22%3A2%2C%22matchcount%22%3A2%7D%5D'}
2018-04-21 15:02:31:---[bet]---:{"result":"sucess","msg":"\u6570\u636e\u9a8c\u8bc1\u6210\u529f\uff01","id":["9102010","18042115026679193035ad"],"url":"\/index.php?act=lottery&st=lotterypay&pid=1&prebuyid=9102010&number=1&multiple=1&amount=2&lotteryid=22&lotteryname=%E7%AB%9E%E5%BD%A9%E8%B6%B3%E7%90%83%E6%80%BB%E8%BF%9B%E7%90%83%E6%95%B0&issue=20100501&bettype=1&freezeamt=0&ischaseid=0&sid=f41d4390398561bcd9081a1806c278f4a1b71bf2&userid=9380128&orderid=18042115026679193035ad&sign=f306e9a8abc02f6921574eb41ac04261"}
2018-04-21 15:02:31:---[22]---:竞彩足球总进球数投注成功,orderid:18042115026679193035ad
2018-04-21 15:02:36:---[bet_form]---:{'bonus': 'NTY0MA==', 'tag': 'jczq', 'lotteryid': 23, 'cart': '%5B%7B%22ball%22%3A%22107109%3A%E5%91%A8%E6%97%A5018%3A%5BNone_16.00%5D/107108%3A%E5%91%A8%E6%97%A5017%3A%5BNone_14.00%5D%22%2C%22data%22%3A%22107109%3A%E5%91%A8%E6%97%A5018%3A%5BNone_16.00%5D/107108%3A%E5%91%A8%E6%97%A5017%3A%5BNone_14.00%5D%5E2%E4%B8%B21%22%2C%22tag%22%3A%22jczq%22%2C%22times%22%3A%221%22%2C%22note%22%3A1%2C%22money%22%3A2%2C%22matchcount%22%3A2%7D%5D'}
2018-04-21 15:02:36:---[bet]---:{"result":"sucess","msg":"\u6570\u636e\u9a8c\u8bc1\u6210\u529f\uff01","id":["9102012","18042115028796050155ad"],"url":"\/index.php?act=lottery&st=lotterypay&pid=1&prebuyid=9102012&number=1&multiple=1&amount=2&lotteryid=23&lotteryname=%E7%AB%9E%E5%BD%A9%E8%B6%B3%E7%90%83%E5%8D%8A%E5%85%A8%E5%9C%BA%E8%83%9C%E5%B9%B3%E8%B4%9F&issue=20100501&bettype=1&freezeamt=0&ischaseid=0&sid=59c1d28f094532c7f7c712d3972d7ee266ade282&userid=9380128&orderid=18042115028796050155ad&sign=93da8964890cda0f3f58d26229962a36"}
2018-04-21 15:02:36:---[23]---:竞彩足球半全场胜平负投注成功,orderid:18042115028796050155ad
2018-04-21 15:02:54:---[bet_form]---:{'bonus': 'NTY0MA==', 'tag': 'jczq', 'lotteryid': 26, 'cart': '%5B%7B%22ball%22%3A%22107109%3A%E5%91%A8%E6%97%A5018%3A%5B%E4%B8%BB%E8%B4%9F_2.73%5D/107108%3A%E5%91%A8%E6%97%A5017%3A%5B%E4%B8%BB%E8%B4%9F_1.43%5D%22%2C%22data%22%3A%22107109%3A%E5%91%A8%E6%97%A5018%3A%5B%E4%B8%BB%E8%B4%9F_2.73%5D/107108%3A%E5%91%A8%E6%97%A5017%3A%5B%E4%B8%BB%E8%B4%9F_1.43%5D%5E2%E4%B8%B21%22%2C%22tag%22%3A%22jczq%22%2C%22times%22%3A%221%22%2C%22note%22%3A1%2C%22money%22%3A2%2C%22matchcount%22%3A2%7D%5D'}
2018-04-21 15:02:54:---[bet]---:{"result":"sucess","msg":"\u6570\u636e\u9a8c\u8bc1\u6210\u529f\uff01","id":["9102014","18042115026728964325ad"],"url":"\/index.php?act=lottery&st=lotterypay&pid=1&prebuyid=9102014&number=1&multiple=1&amount=2&lotteryid=26&lotteryname=%E7%AB%9E%E5%BD%A9%E8%B6%B3%E7%90%83%E8%AE%A9%E7%90%83%E8%83%9C%E5%B9%B3%E8%B4%9F&issue=20100501&bettype=1&freezeamt=0&ischaseid=0&sid=21e4dadc5c0e82fffe7097bc8b68bbdc213f15a8&userid=9380128&orderid=18042115026728964325ad&sign=107b6d9257b30da43fdb26c482b9f474"}
2018-04-21 15:02:54:---[26]---:竞彩足球让球胜平负投注成功,orderid:18042115026728964325ad
2018-04-21 15:20:42:---[bet_form]---:{'bonus': 'NTY0MA==', 'tag': 'jczq', 'lotteryid': 26, 'cart': '%5B%7B%22ball%22%3A%22107109%3A%E5%91%A8%E6%97%A5018%3A%5B%E4%B8%BB%E8%B4%9F_2.73%5D/107108%3A%E5%91%A8%E6%97%A5017%3A%5B%E4%B8%BB%E8%B4%9F_1.43%5D%22%2C%22data%22%3A%22107109%3A%E5%91%A8%E6%97%A5018%3A%5B%E4%B8%BB%E8%B4%9F_2.73%5D/107108%3A%E5%91%A8%E6%97%A5017%3A%5B%E4%B8%BB%E8%B4%9F_1.43%5D%5E2%E4%B8%B21%22%2C%22tag%22%3A%22jczq%22%2C%22times%22%3A%221%22%2C%22note%22%3A1%2C%22money%22%3A2%2C%22matchcount%22%3A2%7D%5D'}
2018-04-21 15:20:42:---[bet]---:{"result":"sucess","msg":"\u6570\u636e\u9a8c\u8bc1\u6210\u529f\uff01","id":["9102068","180421152012473288545a"],"url":"\/index.php?act=lottery&st=lotterypay&pid=1&prebuyid=9102068&number=1&multiple=1&amount=2&lotteryid=26&lotteryname=%E7%AB%9E%E5%BD%A9%E8%B6%B3%E7%90%83%E8%AE%A9%E7%90%83%E8%83%9C%E5%B9%B3%E8%B4%9F&issue=20100501&bettype=1&freezeamt=0&ischaseid=0&sid=43c5e386c07d09da2432ff375065c7eec87fd9e9&userid=9380128&orderid=180421152012473288545a&sign=9578752047e1c8304c7c4337e9689f02"}
2018-04-21 15:20:42:---[26]---:竞彩足球让球胜平负投注成功,orderid:180421152012473288545a
2018-04-21 15:34:24:---[bet_form]---:{'bonus': 'NTY0MA==', 'tag': 'jczq', 'lotteryid': 26, 'cart': '%5B%7B%22ball%22%3A%22107109%3A%E5%91%A8%E6%97%A5018%3A%5B%E4%B8%BB%E8%B4%9F_2.73%5D/107108%3A%E5%91%A8%E6%97%A5017%3A%5B%E4%B8%BB%E8%B4%9F_1.43%5D%22%2C%22data%22%3A%22107109%3A%E5%91%A8%E6%97%A5018%3A%5B%E4%B8%BB%E8%B4%9F_2.73%5D/107108%3A%E5%91%A8%E6%97%A5017%3A%5B%E4%B8%BB%E8%B4%9F_1.43%5D%5E2%E4%B8%B21%22%2C%22tag%22%3A%22jczq%22%2C%22times%22%3A%221%22%2C%22note%22%3A1%2C%22money%22%3A2%2C%22matchcount%22%3A2%7D%5D'}
2018-04-21 15:34:24:---[bet]---:{"result":"sucess","msg":"\u6570\u636e\u9a8c\u8bc1\u6210\u529f\uff01","id":["9102098","18042115349450597495ad"],"url":"\/index.php?act=lottery&st=lotterypay&pid=1&prebuyid=9102098&number=1&multiple=1&amount=2&lotteryid=26&lotteryname=%E7%AB%9E%E5%BD%A9%E8%B6%B3%E7%90%83%E8%AE%A9%E7%90%83%E8%83%9C%E5%B9%B3%E8%B4%9F&issue=20100501&bettype=1&freezeamt=0&ischaseid=0&sid=5b71bbe6f96277867d4ff60aeac84c3a9d5ecf9d&userid=9380128&orderid=18042115349450597495ad&sign=ec691ee8c17677e7227cd42432d9d7e2"}
2018-04-21 15:34:24:---[26]---:竞彩足球让球胜平负投注成功,orderid:18042115349450597495ad
2018-04-21 15:46:25:---[bet_form]---:{'bonus': 'NTY0MA==', 'tag': 'jczq', 'lotteryid': 26, 'cart': '%5B%7B%22ball%22%3A%22107109%3A%E5%91%A8%E6%97%A5018%3A%5B%E4%B8%BB%E8%B4%9F_2.73%5D/107108%3A%E5%91%A8%E6%97%A5017%3A%5B%E4%B8%BB%E8%B4%9F_1.43%5D%22%2C%22data%22%3A%22107109%3A%E5%91%A8%E6%97%A5018%3A%5B%E4%B8%BB%E8%B4%9F_2.73%5D/107108%3A%E5%91%A8%E6%97%A5017%3A%5B%E4%B8%BB%E8%B4%9F_1.43%5D%5E2%E4%B8%B21%22%2C%22tag%22%3A%22jczq%22%2C%22times%22%3A%221%22%2C%22note%22%3A1%2C%22money%22%3A2%2C%22matchcount%22%3A2%7D%5D'}
2018-04-21 15:46:25:---[bet]---:{"result":"sucess","msg":"\u6570\u636e\u9a8c\u8bc1\u6210\u529f\uff01","id":["9102158","180421154611367314195a"],"url":"\/index.php?act=lottery&st=lotterypay&pid=1&prebuyid=9102158&number=1&multiple=1&amount=2&lotteryid=26&lotteryname=%E7%AB%9E%E5%BD%A9%E8%B6%B3%E7%90%83%E8%AE%A9%E7%90%83%E8%83%9C%E5%B9%B3%E8%B4%9F&issue=20100501&bettype=1&freezeamt=0&ischaseid=0&sid=c4203c82e1524f63b7dd3ce7e8aed502baf836e5&userid=9380128&orderid=180421154611367314195a&sign=ba3fbdaefacc9542d363e3c4f3b2bcc5"}
2018-04-21 15:46:25:---[26]---:竞彩足球让球胜平负投注成功,orderid:180421154611367314195a
2018-04-21 15:52:32:---[bet_form]---:{'bonus': 'NTY0MA==', 'lotterytype': 'exy', 'tag': 'jczq', 'lotteryid': 25, 'cart': '%5B%7B%22ball%22%3A%22107009%3A%E5%91%A8%E5%85%AD013%3A%5B%E4%B8%BB%E8%B4%9F_2.01%5D/107010%3A%E5%91%A8%E5%85%AD014%3A%5B%E4%B8%BB%E8%B4%9F_1.77%5D%22%2C%22data%22%3A%22107009%3A%E5%91%A8%E5%85%AD013%3A%5B%E4%B8%BB%E8%B4%9F_2.01%5D/107010%3A%E5%91%A8%E5%85%AD014%3A%5B%E4%B8%BB%E8%B4%9F_1.77%5D%5E2%E4%B8%B21%22%2C%22tag%22%3A%22jczq%22%2C%22times%22%3A%221%22%2C%22note%22%3A1%2C%22money%22%3A2%2C%22matchcount%22%3A2%7D%5D'}
2018-04-21 15:52:32:---[bet]---:{"result":"sucess","msg":"\u6570\u636e\u9a8c\u8bc1\u6210\u529f\uff01","id":["9102182","18042115529599304675ad"],"url":"\/index.php?act=lottery&st=lotterypay&pid=1&prebuyid=9102182&number=1&multiple=1&amount=2&lotteryid=25&lotteryname=%E7%AB%9E%E5%BD%A9%E8%B6%B3%E7%90%83%E6%B7%B7%E5%90%88%E8%BF%87%E5%85%B3&issue=20100501&bettype=1&freezeamt=0&ischaseid=0&sid=a7e14f8d8fbc7a800de56b489ab898f73b1aea4f&userid=9380128&orderid=18042115529599304675ad&sign=cfefac9e5ad7291a801c333786defd9c"}
2018-04-21 15:52:32:---[2521]---:竞彩足球混合过关投注成功,orderid:18042115529599304675ad
2018-04-21 15:58:20:---[bet_form]---:{'bonus': 'NTY0MA==', 'tag': 'jczq', 'lotteryid': 25, 'cart': '%5B%7B%22ball%22%3A%22107009%3A013%3A%5B%E4%B8%BB%E8%B4%9F_2.01%5D/107010%3A014%3A%5B%E4%B8%BB%E8%B4%9F_1.77%5D%22%2C%22data%22%3A%22107009%3A013%3A%5B%E4%B8%BB%E8%B4%9F_2.01%5D/107010%3A014%3A%5B%E4%B8%BB%E8%B4%9F_1.77%5D%5E2%E4%B8%B21%22%2C%22tag%22%3A%22jczq%22%2C%22times%22%3A%221%22%2C%22note%22%3A1%2C%22money%22%3A2%2C%22matchcount%22%3A2%7D%5D'}
2018-04-21 15:58:20:---[bet]---:{"result":"sucess","msg":"\u6570\u636e\u9a8c\u8bc1\u6210\u529f\uff01","id":["9102192","18042115589090542895ad"],"url":"\/index.php?act=lottery&st=lotterypay&pid=1&prebuyid=9102192&number=1&multiple=1&amount=2&lotteryid=25&lotteryname=%E7%AB%9E%E5%BD%A9%E8%B6%B3%E7%90%83%E6%B7%B7%E5%90%88%E8%BF%87%E5%85%B3&issue=20100501&bettype=1&freezeamt=0&ischaseid=0&sid=588acbb041678ed0e435773ca50c2f46adf39724&userid=9380128&orderid=18042115589090542895ad&sign=7996d8470d2249bbcd70884c2c391ade"}
2018-04-21 15:58:20:---[25]---:竞彩足球混合过关投注成功,orderid:18042115589090542895ad
2018-04-21 15:58:24:---[bet_form]---:{'bonus': 'NTY0MA==', 'tag': 'jczq', 'lotteryid': 25, 'cart': '%5B%7B%22ball%22%3A%22107009%3A013%3A%5B%E4%B8%BB%E8%B4%9F_2.01%5D/107010%3A014%3A%5B%E4%B8%BB%E8%B4%9F_1.77%5D%22%2C%22data%22%3A%22107009%3A013%3A%5B%E4%B8%BB%E8%B4%9F_2.01%5D/107010%3A014%3A%5B%E4%B8%BB%E8%B4%9F_1.77%5D%5E2%E4%B8%B21%22%2C%22tag%22%3A%22jczq%22%2C%22times%22%3A%221%22%2C%22note%22%3A1%2C%22money%22%3A2%2C%22matchcount%22%3A2%7D%5D'}
2018-04-21 15:58:24:---[bet]---:{"result":"sucess","msg":"\u6570\u636e\u9a8c\u8bc1\u6210\u529f\uff01","id":["9102194","18042115588606206545ad"],"url":"\/index.php?act=lottery&st=lotterypay&pid=1&prebuyid=9102194&number=1&multiple=1&amount=2&lotteryid=25&lotteryname=%E7%AB%9E%E5%BD%A9%E8%B6%B3%E7%90%83%E6%B7%B7%E5%90%88%E8%BF%87%E5%85%B3&issue=20100501&bettype=1&freezeamt=0&ischaseid=0&sid=bde6b81a4729772942a09664e50f03ea407f3cee&userid=9380128&orderid=18042115588606206545ad&sign=06d80f2bed39815a88d52090f8bc1efc"}
2018-04-21 15:58:24:---[25]---:竞彩足球混合过关投注成功,orderid:18042115588606206545ad
2018-04-21 16:08:56:---[51]---:51在售期号写入缓存成功
2018-04-21 16:08:56:---[52]---:52在售期号写入缓存成功
2018-04-21 16:08:56:---[53]---:53在售期号写入缓存成功
2018-04-21 16:08:56:---[54]---:54在售期号写入缓存成功
2018-04-21 16:08:56:---[200]---:200在售期号写入缓存成功
2018-04-21 16:08:56:---[201]---:201在售期号写入缓存成功
2018-04-21 16:08:56:---[202]---:202在售期号写入缓存成功
2018-04-21 16:09:25:---[51]---:51在售期号写入缓存成功
2018-04-21 16:09:25:---[52]---:52在售期号写入缓存成功
2018-04-21 16:09:25:---[53]---:53在售期号写入缓存成功
2018-04-21 16:09:26:---[54]---:54在售期号写入缓存成功
2018-04-21 16:09:26:---[200]---:200在售期号写入缓存成功
2018-04-21 16:09:26:---[201]---:201在售期号写入缓存成功
2018-04-21 16:09:26:---[202]---:202在售期号写入缓存成功
2018-04-21 16:09:28:---[20]---:20投注串写入缓存成功
2018-04-21 16:09:31:---[26]---:26投注串写入缓存成功
2018-04-21 16:09:57:---[21]---:21投注串写入缓存成功
2018-04-21 16:10:03:---[22]---:22投注串写入缓存成功
2018-04-21 16:10:09:---[23]---:23投注串写入缓存成功
2018-04-21 16:10:11:---[2521]---:2521投注串写入缓存成功
2018-04-21 16:10:11:---[30]---:30投注串写入缓存成功
2018-04-21 16:10:12:---[31]---:31投注串写入缓存成功
2018-04-21 16:10:12:---[32]---:32投注串写入缓存成功
2018-04-21 16:10:12:---[33]---:33投注串写入缓存成功
2018-04-21 16:10:12:---[35]---:35投注串写入缓存成功
2018-04-21 16:23:43:---[bet]---:{"result":"sucess","msg":"\u6570\u636e\u9a8c\u8bc1\u6210\u529f\uff01","id":["9102280","180421162310228601855a"],"url":"\/index.php?act=lottery&st=lotterypay&pid=1&prebuyid=9102280&number=1&multiple=1&amount=2&lotteryid=20&lotteryname=%E7%AB%9E%E5%BD%A9%E8%B6%B3%E7%90%83%E8%83%9C%E5%B9%B3%E8%B4%9F&issue=20100501&bettype=1&freezeamt=0&ischaseid=0&sid=296ed9dea4a78891aee2f4f83d97d5c88d5450c1&userid=9380128&orderid=180421162310228601855a&sign=0d44ae856cd564b2e5044ae4aa8b76ad"}
2018-04-21 16:23:43:---[20]---:竞彩足球胜平负投注成功,orderid:180421162310228601855a
2018-04-21 16:23:43:---[bet]---:{"result":"sucess","msg":"\u6570\u636e\u9a8c\u8bc1\u6210\u529f\uff01","id":["9102282","18042116239985071585ad"],"url":"\/index.php?act=lottery&st=lotterypay&pid=1&prebuyid=9102282&number=1&multiple=1&amount=2&lotteryid=26&lotteryname=%E7%AB%9E%E5%BD%A9%E8%B6%B3%E7%90%83%E8%AE%A9%E7%90%83%E8%83%9C%E5%B9%B3%E8%B4%9F&issue=20100501&bettype=1&freezeamt=0&ischaseid=0&sid=4a0ba09623969a3d338c1b336f7a1fe7a8df6e32&userid=9380128&orderid=18042116239985071585ad&sign=7e372edcb5d37d18c1a2be31630a1e89"}
2018-04-21 16:23:43:---[26]---:竞彩足球让球胜平负投注成功,orderid:18042116239985071585ad
2018-04-21 16:23:43:---[bet]---:{"result":"sucess","msg":"\u6570\u636e\u9a8c\u8bc1\u6210\u529f\uff01","id":["9102284","180421162310626814765a"],"url":"\/index.php?act=lottery&st=lotterypay&pid=1&prebuyid=9102284&number=1&multiple=1&amount=2&lotteryid=21&lotteryname=%E7%AB%9E%E5%BD%A9%E8%B6%B3%E7%90%83%E6%AF%94%E5%88%86&issue=20100501&bettype=1&freezeamt=0&ischaseid=0&sid=b2ef8bebd25bdfcc2359d144387eb92067cd8e6a&userid=9380128&orderid=180421162310626814765a&sign=f42ac5c33b0d749ddae706eed810abbc"}
2018-04-21 16:23:43:---[21]---:竞彩足球比分投注成功,orderid:180421162310626814765a
2018-04-21 16:23:44:---[bet]---:{"result":"sucess","msg":"\u6570\u636e\u9a8c\u8bc1\u6210\u529f\uff01","id":["9102286","180421162312987041675a"],"url":"\/index.php?act=lottery&st=lotterypay&pid=1&prebuyid=9102286&number=1&multiple=1&amount=2&lotteryid=22&lotteryname=%E7%AB%9E%E5%BD%A9%E8%B6%B3%E7%90%83%E6%80%BB%E8%BF%9B%E7%90%83%E6%95%B0&issue=20100501&bettype=1&freezeamt=0&ischaseid=0&sid=25600a3c80738cc9d6c069ddaa3b111c1a38ecea&userid=9380128&orderid=180421162312987041675a&sign=9a77f821330538a7ed0092bf9a99f8ad"}
2018-04-21 16:23:44:---[22]---:竞彩足球总进球数投注成功,orderid:180421162312987041675a
2018-04-21 16:23:44:---[bet]---:{"result":"sucess","msg":"\u6570\u636e\u9a8c\u8bc1\u6210\u529f\uff01","id":["9102288","18042116236647064925ad"],"url":"\/index.php?act=lottery&st=lotterypay&pid=1&prebuyid=9102288&number=1&multiple=1&amount=2&lotteryid=23&lotteryname=%E7%AB%9E%E5%BD%A9%E8%B6%B3%E7%90%83%E5%8D%8A%E5%85%A8%E5%9C%BA%E8%83%9C%E5%B9%B3%E8%B4%9F&issue=20100501&bettype=1&freezeamt=0&ischaseid=0&sid=c30d503265dec59d7803fbd2ae735bd7c4aba8f9&userid=9380128&orderid=18042116236647064925ad&sign=c62601936fc37ce4c64a0a241afe0a2a"}
2018-04-21 16:23:44:---[23]---:竞彩足球半全场胜平负投注成功,orderid:18042116236647064925ad
2018-04-21 16:23:44:---[bet]---:{"result":"sucess","msg":"\u6570\u636e\u9a8c\u8bc1\u6210\u529f\uff01","id":["9102290","18042116238697119265ad"],"url":"\/index.php?act=lottery&st=lotterypay&pid=1&prebuyid=9102290&number=1&multiple=1&amount=2&lotteryid=25&lotteryname=%E7%AB%9E%E5%BD%A9%E8%B6%B3%E7%90%83%E6%B7%B7%E5%90%88%E8%BF%87%E5%85%B3&issue=20100501&bettype=1&freezeamt=0&ischaseid=0&sid=b042b1102c2485935cabe84d858272f7f5f226dd&userid=9380128&orderid=18042116238697119265ad&sign=9b4a984c75cb00e1c7e019f5a9cee576"}
2018-04-21 16:23:44:---[2521]---:竞彩足球混合过关投注成功,orderid:18042116238697119265ad
2018-04-21 16:23:45:---[bet]---:{"result":"sucess","msg":"\u6570\u636e\u9a8c\u8bc1\u6210\u529f\uff01","id":["9102292","180421162310694775545a"],"url":"\/index.php?act=lottery&st=lotterypay&pid=1&prebuyid=9102292&number=1&multiple=1&amount=2&lotteryid=30&lotteryname=%E7%AB%9E%E5%BD%A9%E7%AF%AE%E7%90%83%E8%83%9C%E8%B4%9F&issue=20100501&bettype=1&freezeamt=0&ischaseid=0&sid=fb0d9b9e2b336ddee1d88b7c1e2e9e97c8095706&userid=9380128&orderid=180421162310694775545a&sign=d02a4873292b2f0d0c5c83f5ef6a8790"}
2018-04-21 16:23:45:---[30]---:竞彩篮球胜负投注成功,orderid:180421162310694775545a
2018-04-21 16:23:45:---[bet]---:{"result":"sucess","msg":"\u6570\u636e\u9a8c\u8bc1\u6210\u529f\uff01","id":["9102294","18042116237088185045ad"],"url":"\/index.php?act=lottery&st=lotterypay&pid=1&prebuyid=9102294&number=1&multiple=1&amount=2&lotteryid=31&lotteryname=%E7%AB%9E%E5%BD%A9%E7%AF%AE%E7%90%83%E8%AE%A9%E5%88%86%E8%83%9C%E8%B4%9F&issue=20100501&bettype=1&freezeamt=0&ischaseid=0&sid=13b5411024ec48d81944fbbf0d9d2f724fa756e9&userid=9380128&orderid=18042116237088185045ad&sign=22c425cf1e705a7c0a75a9a2943e4cc0"}
2018-04-21 16:23:45:---[31]---:竞彩篮球让分胜负投注成功,orderid:18042116237088185045ad
2018-04-21 16:23:45:---[bet]---:{"result":"sucess","msg":"\u6570\u636e\u9a8c\u8bc1\u6210\u529f\uff01","id":["9102296","18042116231287673175ad"],"url":"\/index.php?act=lottery&st=lotterypay&pid=1&prebuyid=9102296&number=1&multiple=1&amount=2&lotteryid=32&lotteryname=%E7%AB%9E%E5%BD%A9%E7%AF%AE%E7%90%83%E8%83%9C%E5%88%86%E5%B7%AE&issue=20100501&bettype=1&freezeamt=0&ischaseid=0&sid=dc5d5829a22bb7dab11dce3ad7cdf361a8295e40&userid=9380128&orderid=18042116231287673175ad&sign=d655a4a23ef77a386f40c862f9d267c0"}
2018-04-21 16:23:45:---[32]---:竞彩篮球胜分差投注成功,orderid:18042116231287673175ad
2018-04-21 16:23:46:---[bet]---:{"result":"sucess","msg":"\u6570\u636e\u9a8c\u8bc1\u6210\u529f\uff01","id":["9102298","180421162320696210465a"],"url":"\/index.php?act=lottery&st=lotterypay&pid=1&prebuyid=9102298&number=1&multiple=1&amount=2&lotteryid=33&lotteryname=%E7%AB%9E%E5%BD%A9%E7%AF%AE%E7%90%83%E5%A4%A7%E5%B0%8F%E5%88%86&issue=20100501&bettype=1&freezeamt=0&ischaseid=0&sid=393a3bca965edf81a88946afee82b650fa8f0400&userid=9380128&orderid=180421162320696210465a&sign=8504537de70d8525ff76cae8b16a8b6c"}
2018-04-21 16:23:46:---[33]---:竞彩篮球大小分投注成功,orderid:180421162320696210465a
2018-04-21 16:23:46:---[bet]---:{"result":"sucess","msg":"\u6570\u636e\u9a8c\u8bc1\u6210\u529f\uff01","id":["9102300","180421162320369890915a"],"url":"\/index.php?act=lottery&st=lotterypay&pid=1&prebuyid=9102300&number=1&multiple=1&amount=2&lotteryid=35&lotteryname=%E7%AB%9E%E5%BD%A9%E7%AF%AE%E7%90%83%E6%B7%B7%E5%90%88&issue=20100501&bettype=1&freezeamt=0&ischaseid=0&sid=ad9f5280fb760a3bbf688acdab9ac3a9b45965f7&userid=9380128&orderid=180421162320369890915a&sign=e7140d00ea98c9099b1376b3e4f12b31"}
2018-04-21 16:23:46:---[35]---:竞彩篮球混合投注成功,orderid:180421162320369890915a
2018-04-21 16:25:24:---[bet]---:{"result":"sucess","msg":"\u6570\u636e\u9a8c\u8bc1\u6210\u529f\uff01","id":["9102306","18042116252864065045ad"],"url":"\/index.php?act=lottery&st=lotterypay&pid=1&prebuyid=9102306&number=1&multiple=1&amount=2&lotteryid=20&lotteryname=%E7%AB%9E%E5%BD%A9%E8%B6%B3%E7%90%83%E8%83%9C%E5%B9%B3%E8%B4%9F&issue=20100501&bettype=1&freezeamt=0&ischaseid=0&sid=92689122792d5d50b2fa624a1261495bbaecd1e6&userid=9380128&orderid=18042116252864065045ad&sign=0d0ac77c2912423b878c711eeb177e26"}
2018-04-21 16:25:24:---[20]---:竞彩足球胜平负投注成功,orderid:18042116252864065045ad
2018-04-21 16:25:25:---[bet]---:{"result":"sucess","msg":"\u6570\u636e\u9a8c\u8bc1\u6210\u529f\uff01","id":["9102310","18042116252721908985ad"],"url":"\/index.php?act=lottery&st=lotterypay&pid=1&prebuyid=9102310&number=1&multiple=1&amount=2&lotteryid=26&lotteryname=%E7%AB%9E%E5%BD%A9%E8%B6%B3%E7%90%83%E8%AE%A9%E7%90%83%E8%83%9C%E5%B9%B3%E8%B4%9F&issue=20100501&bettype=1&freezeamt=0&ischaseid=0&sid=3213f28a95cd4b09fb741ad502d50b639d142b18&userid=9380128&orderid=18042116252721908985ad&sign=ba4196b824631ef13faad22c7ff7d57f"}
2018-04-21 16:25:25:---[26]---:竞彩足球让球胜平负投注成功,orderid:18042116252721908985ad
2018-04-21 16:25:25:---[bet]---:{"result":"sucess","msg":"\u6570\u636e\u9a8c\u8bc1\u6210\u529f\uff01","id":["9102312","18042116255682638725ad"],"url":"\/index.php?act=lottery&st=lotterypay&pid=1&prebuyid=9102312&number=1&multiple=1&amount=2&lotteryid=21&lotteryname=%E7%AB%9E%E5%BD%A9%E8%B6%B3%E7%90%83%E6%AF%94%E5%88%86&issue=20100501&bettype=1&freezeamt=0&ischaseid=0&sid=043236c602b3bddf4f0bcbc8f835bb4637b656ae&userid=9380128&orderid=18042116255682638725ad&sign=503b5cb4f5e5b8fae2052344ba3a968a"}
2018-04-21 16:25:25:---[21]---:竞彩足球比分投注成功,orderid:18042116255682638725ad
2018-04-21 16:25:25:---[bet]---:{"result":"sucess","msg":"\u6570\u636e\u9a8c\u8bc1\u6210\u529f\uff01","id":["9102314","18042116254173746055ad"],"url":"\/index.php?act=lottery&st=lotterypay&pid=1&prebuyid=9102314&number=1&multiple=1&amount=2&lotteryid=22&lotteryname=%E7%AB%9E%E5%BD%A9%E8%B6%B3%E7%90%83%E6%80%BB%E8%BF%9B%E7%90%83%E6%95%B0&issue=20100501&bettype=1&freezeamt=0&ischaseid=0&sid=203aa4a5f9922daac0b30213e40535abe36210dd&userid=9380128&orderid=18042116254173746055ad&sign=79435ad788cb27e0e802b37e8683f526"}
2018-04-21 16:25:25:---[22]---:竞彩足球总进球数投注成功,orderid:18042116254173746055ad
2018-04-21 16:25:26:---[bet]---:{"result":"sucess","msg":"\u6570\u636e\u9a8c\u8bc1\u6210\u529f\uff01","id":["9102316","180421162513974501665a"],"url":"\/index.php?act=lottery&st=lotterypay&pid=1&prebuyid=9102316&number=1&multiple=1&amount=2&lotteryid=23&lotteryname=%E7%AB%9E%E5%BD%A9%E8%B6%B3%E7%90%83%E5%8D%8A%E5%85%A8%E5%9C%BA%E8%83%9C%E5%B9%B3%E8%B4%9F&issue=20100501&bettype=1&freezeamt=0&ischaseid=0&sid=1a68c57a62469db265552fe85eace1a778e3a82d&userid=9380128&orderid=180421162513974501665a&sign=faf5af0f0e541ba99aa011c8f7869b4c"}
2018-04-21 16:25:26:---[23]---:竞彩足球半全场胜平负投注成功,orderid:180421162513974501665a
2018-04-21 16:25:26:---[bet]---:{"result":"sucess","msg":"\u6570\u636e\u9a8c\u8bc1\u6210\u529f\uff01","id":["9102320","180421162518043749245a"],"url":"\/index.php?act=lottery&st=lotterypay&pid=1&prebuyid=9102320&number=1&multiple=1&amount=2&lotteryid=25&lotteryname=%E7%AB%9E%E5%BD%A9%E8%B6%B3%E7%90%83%E6%B7%B7%E5%90%88%E8%BF%87%E5%85%B3&issue=20100501&bettype=1&freezeamt=0&ischaseid=0&sid=e1702a86df0607b452285bbae2f13be8c289307b&userid=9380128&orderid=180421162518043749245a&sign=d49827847b350aad8559ce5d03a3d56d"}
2018-04-21 16:25:26:---[2521]---:竞彩足球混合过关投注成功,orderid:180421162518043749245a
2018-04-21 16:25:26:---[bet]---:{"result":"sucess","msg":"\u6570\u636e\u9a8c\u8bc1\u6210\u529f\uff01","id":["9102322","18042116257076854095ad"],"url":"\/index.php?act=lottery&st=lotterypay&pid=1&prebuyid=9102322&number=1&multiple=1&amount=2&lotteryid=30&lotteryname=%E7%AB%9E%E5%BD%A9%E7%AF%AE%E7%90%83%E8%83%9C%E8%B4%9F&issue=20100501&bettype=1&freezeamt=0&ischaseid=0&sid=076ceaedda41babefb638a2af327cf45093a6954&userid=9380128&orderid=18042116257076854095ad&sign=1bac29707219defe0dfc905723ebdeda"}
2018-04-21 16:25:26:---[30]---:竞彩篮球胜负投注成功,orderid:18042116257076854095ad
2018-04-21 16:25:27:---[bet]---:{"result":"sucess","msg":"\u6570\u636e\u9a8c\u8bc1\u6210\u529f\uff01","id":["9102324","180421162517303795035a"],"url":"\/index.php?act=lottery&st=lotterypay&pid=1&prebuyid=9102324&number=1&multiple=1&amount=2&lotteryid=31&lotteryname=%E7%AB%9E%E5%BD%A9%E7%AF%AE%E7%90%83%E8%AE%A9%E5%88%86%E8%83%9C%E8%B4%9F&issue=20100501&bettype=1&freezeamt=0&ischaseid=0&sid=90585ea4c9b44afffc221df4df075473185ff710&userid=9380128&orderid=180421162517303795035a&sign=691a25d2a857d2b3c28b1cc247ecdd36"}
2018-04-21 16:25:27:---[31]---:竞彩篮球让分胜负投注成功,orderid:180421162517303795035a
2018-04-21 16:25:27:---[bet]---:{"result":"sucess","msg":"\u6570\u636e\u9a8c\u8bc1\u6210\u529f\uff01","id":["9102326","18042116256584914475ad"],"url":"\/index.php?act=lottery&st=lotterypay&pid=1&prebuyid=9102326&number=1&multiple=1&amount=2&lotteryid=32&lotteryname=%E7%AB%9E%E5%BD%A9%E7%AF%AE%E7%90%83%E8%83%9C%E5%88%86%E5%B7%AE&issue=20100501&bettype=1&freezeamt=0&ischaseid=0&sid=02057b25618559f881580ddd390ed60660738708&userid=9380128&orderid=18042116256584914475ad&sign=7526a833c71875eda4d5c3af3120ff57"}
2018-04-21 16:25:27:---[32]---:竞彩篮球胜分差投注成功,orderid:18042116256584914475ad
2018-04-21 16:25:27:---[bet]---:{"result":"sucess","msg":"\u6570\u636e\u9a8c\u8bc1\u6210\u529f\uff01","id":["9102328","180421162518393890485a"],"url":"\/index.php?act=lottery&st=lotterypay&pid=1&prebuyid=9102328&number=1&multiple=1&amount=2&lotteryid=33&lotteryname=%E7%AB%9E%E5%BD%A9%E7%AF%AE%E7%90%83%E5%A4%A7%E5%B0%8F%E5%88%86&issue=20100501&bettype=1&freezeamt=0&ischaseid=0&sid=212af3128e0bf6be2c7ca76bbd5a4f69fb448d2d&userid=9380128&orderid=180421162518393890485a&sign=e2ee76669e65e9def5425ba2dedacec1"}
2018-04-21 16:25:27:---[33]---:竞彩篮球大小分投注成功,orderid:180421162518393890485a
2018-04-21 16:25:28:---[bet]---:{"result":"sucess","msg":"\u6570\u636e\u9a8c\u8bc1\u6210\u529f\uff01","id":["9102330","180421162515192160845a"],"url":"\/index.php?act=lottery&st=lotterypay&pid=1&prebuyid=9102330&number=1&multiple=1&amount=2&lotteryid=35&lotteryname=%E7%AB%9E%E5%BD%A9%E7%AF%AE%E7%90%83%E6%B7%B7%E5%90%88&issue=20100501&bettype=1&freezeamt=0&ischaseid=0&sid=370ff18c0ea236e3aa184a08eb5cbe2ca0f24969&userid=9380128&orderid=180421162515192160845a&sign=23d689dbf22033d8717499e3168d4919"}
2018-04-21 16:25:28:---[35]---:竞彩篮球混合投注成功,orderid:180421162515192160845a
2018-04-21 16:31:12:---[bet]---:{"result":"ill request","msg":"\u60a8\u9009\u62e9\u7684\u8d5b\u4e8b\u5df2\u8fc7\u671f\uff0c\u8bf7\u91cd\u65b0\u6295\u6ce8"}
2018-04-21 16:31:12:---[投注失败]---:投注结果:{"result":"ill request","msg":"\u60a8\u9009\u62e9\u7684\u8d5b\u4e8b\u5df2\u8fc7\u671f\uff0c\u8bf7\u91cd\u65b0\u6295\u6ce8"}
2018-04-21 16:31:12:---[bet]---:{"result":"ill request","msg":"\u60a8\u9009\u62e9\u7684\u8d5b\u4e8b\u5df2\u8fc7\u671f\uff0c\u8bf7\u91cd\u65b0\u6295\u6ce8"}
2018-04-21 16:31:12:---[投注失败]---:投注结果:{"result":"ill request","msg":"\u60a8\u9009\u62e9\u7684\u8d5b\u4e8b\u5df2\u8fc7\u671f\uff0c\u8bf7\u91cd\u65b0\u6295\u6ce8"}
2018-04-21 16:31:12:---[bet]---:{"result":"ill request","msg":"\u60a8\u9009\u62e9\u7684\u8d5b\u4e8b\u5df2\u8fc7\u671f\uff0c\u8bf7\u91cd\u65b0\u6295\u6ce8"}
2018-04-21 16:31:12:---[投注失败]---:投注结果:{"result":"ill request","msg":"\u60a8\u9009\u62e9\u7684\u8d5b\u4e8b\u5df2\u8fc7\u671f\uff0c\u8bf7\u91cd\u65b0\u6295\u6ce8"}
2018-04-21 16:31:12:---[bet]---:{"result":"ill request","msg":"\u60a8\u9009\u62e9\u7684\u8d5b\u4e8b\u5df2\u8fc7\u671f\uff0c\u8bf7\u91cd\u65b0\u6295\u6ce8"}
2018-04-21 16:31:12:---[投注失败]---:投注结果:{"result":"ill request","msg":"\u60a8\u9009\u62e9\u7684\u8d5b\u4e8b\u5df2\u8fc7\u671f\uff0c\u8bf7\u91cd\u65b0\u6295\u6ce8"}
2018-04-21 16:31:12:---[bet]---:{"result":"ill request","msg":"\u60a8\u9009\u62e9\u7684\u8d5b\u4e8b\u5df2\u8fc7\u671f\uff0c\u8bf7\u91cd\u65b0\u6295\u6ce8"}
2018-04-21 16:31:12:---[投注失败]---:投注结果:{"result":"ill request","msg":"\u60a8\u9009\u62e9\u7684\u8d5b\u4e8b\u5df2\u8fc7\u671f\uff0c\u8bf7\u91cd\u65b0\u6295\u6ce8"}
2018-04-21 16:31:12:---[bet]---:{"result":"ill request","msg":"\u60a8\u9009\u62e9\u7684\u8d5b\u4e8b\u5df2\u8fc7\u671f\uff0c\u8bf7\u91cd\u65b0\u6295\u6ce8"}
2018-04-21 16:31:12:---[投注失败]---:投注结果:{"result":"ill request","msg":"\u60a8\u9009\u62e9\u7684\u8d5b\u4e8b\u5df2\u8fc7\u671f\uff0c\u8bf7\u91cd\u65b0\u6295\u6ce8"}
2018-04-21 16:31:12:---[bet]---:{"result":"sucess","msg":"\u6570\u636e\u9a8c\u8bc1\u6210\u529f\uff01","id":["9102370","180421163120415038835a"],"url":"\/index.php?act=lottery&st=lotterypay&pid=1&prebuyid=9102370&number=1&multiple=1&amount=2&lotteryid=30&lotteryname=%E7%AB%9E%E5%BD%A9%E7%AF%AE%E7%90%83%E8%83%9C%E8%B4%9F&issue=20100501&bettype=1&freezeamt=0&ischaseid=0&sid=ed7aa176debd6610e5409a49303f1965731997ec&userid=9380128&orderid=180421163120415038835a&sign=db3a4bd4654a94ab511185758e8bfef4"}
2018-04-21 16:31:12:---[30]---:竞彩篮球胜负投注成功,orderid:180421163120415038835a
2018-04-21 16:31:13:---[bet]---:{"result":"sucess","msg":"\u6570\u636e\u9a8c\u8bc1\u6210\u529f\uff01","id":["9102372","18042116319375924665ad"],"url":"\/index.php?act=lottery&st=lotterypay&pid=1&prebuyid=9102372&number=1&multiple=1&amount=2&lotteryid=31&lotteryname=%E7%AB%9E%E5%BD%A9%E7%AF%AE%E7%90%83%E8%AE%A9%E5%88%86%E8%83%9C%E8%B4%9F&issue=20100501&bettype=1&freezeamt=0&ischaseid=0&sid=7d50cbe40ad71693fff3b502f5605b4453dbd870&userid=9380128&orderid=18042116319375924665ad&sign=7c66e2a27a16476429dbfcd192591606"}
2018-04-21 16:31:13:---[31]---:竞彩篮球让分胜负投注成功,orderid:18042116319375924665ad
2018-04-21 16:31:13:---[bet]---:{"result":"sucess","msg":"\u6570\u636e\u9a8c\u8bc1\u6210\u529f\uff01","id":["9102374","180421163120115417575a"],"url":"\/index.php?act=lottery&st=lotterypay&pid=1&prebuyid=9102374&number=1&multiple=1&amount=2&lotteryid=32&lotteryname=%E7%AB%9E%E5%BD%A9%E7%AF%AE%E7%90%83%E8%83%9C%E5%88%86%E5%B7%AE&issue=20100501&bettype=1&freezeamt=0&ischaseid=0&sid=4254bc8306630a9f3c94a2de30ee485806b1873e&userid=9380128&orderid=180421163120115417575a&sign=b1fe795ac2efdadcb81d5f427ee87229"}
2018-04-21 16:31:13:---[32]---:竞彩篮球胜分差投注成功,orderid:180421163120115417575a
2018-04-21 16:31:13:---[bet]---:{"result":"sucess","msg":"\u6570\u636e\u9a8c\u8bc1\u6210\u529f\uff01","id":["9102376","18042116316651674655ad"],"url":"\/index.php?act=lottery&st=lotterypay&pid=1&prebuyid=9102376&number=1&multiple=1&amount=2&lotteryid=33&lotteryname=%E7%AB%9E%E5%BD%A9%E7%AF%AE%E7%90%83%E5%A4%A7%E5%B0%8F%E5%88%86&issue=20100501&bettype=1&freezeamt=0&ischaseid=0&sid=37f4962554983274d4cd1f0715d580b8ab65051f&userid=9380128&orderid=18042116316651674655ad&sign=ec606234a31f59719692dc7ee3c12a9e"}
2018-04-21 16:31:13:---[33]---:竞彩篮球大小分投注成功,orderid:18042116316651674655ad
2018-04-21 16:31:14:---[bet]---:{"result":"sucess","msg":"\u6570\u636e\u9a8c\u8bc1\u6210\u529f\uff01","id":["9102378","180421163113796865975a"],"url":"\/index.php?act=lottery&st=lotterypay&pid=1&prebuyid=9102378&number=1&multiple=1&amount=2&lotteryid=35&lotteryname=%E7%AB%9E%E5%BD%A9%E7%AF%AE%E7%90%83%E6%B7%B7%E5%90%88&issue=20100501&bettype=1&freezeamt=0&ischaseid=0&sid=dcc223cd01a83d6b26e4c62de07c3b87927590e7&userid=9380128&orderid=180421163113796865975a&sign=7a21a701732655146ee302401db022b9"}
2018-04-21 16:31:14:---[35]---:竞彩篮球混合投注成功,orderid:180421163113796865975a
2018-04-21 16:31:14:---[bet]---:{"status":"success","url":".%2Findex.php%3Fact%3Dlottery%26st%3Dlotterypay%26pid%3D1%26prebuyid%3D9102380%26number%3D1%26multiple%3D1%26amount%3D2%26lotteryid%3D200%26lotteryname%3D%25E5%258F%258C%25E8%2589%25B2%25E7%2590%2583%26issue%3D2018045%26bettype%3D1%26freezeamt%3D0%26ischaseid%3D0%26sid%3D55de931437d38a1e6ec17b03c1d46ea33b9d8480%26userid%3D9380128%26orderid%3D180421163117574869965a%26sign%3D850fd019b5b1b045a605663f0d6c2058%26oneprice%3D2"}
2018-04-21 16:31:14:---[10001]---:双色球投注成功,orderid:180421163117574869965a
2018-04-21 16:31:14:---[bet]---:{"status":"success","url":".%2Findex.php%3Fact%3Dlottery%26st%3Dlotterypay%26pid%3D1%26prebuyid%3D9102382%26number%3D7%26multiple%3D1%26amount%3D14%26lotteryid%3D200%26lotteryname%3D%25E5%258F%258C%25E8%2589%25B2%25E7%2590%2583%26issue%3D2018045%26bettype%3D1%26freezeamt%3D0%26ischaseid%3D0%26sid%3Dcdede18f8cdcc119378dafde2af26d9f03189656%26userid%3D9380128%26orderid%3D1804211631677631795ada%26sign%3D726029b3b190bc37d89d2ad6a3435abd%26oneprice%3D2"}
2018-04-21 16:31:14:---[10002]---:双色球投注成功,orderid:1804211631677631795ada
2018-04-21 16:31:15:---[bet]---:{"status":"success","url":".%2Findex.php%3Fact%3Dlottery%26st%3Dlotterypay%26pid%3D1%26prebuyid%3D9102384%26number%3D2%26multiple%3D1%26amount%3D4%26lotteryid%3D200%26lotteryname%3D%25E5%258F%258C%25E8%2589%25B2%25E7%2590%2583%26issue%3D2018045%26bettype%3D1%26freezeamt%3D0%26ischaseid%3D0%26sid%3D0a818c63a7fe459581868346cae5e07ad61139a5%26userid%3D9380128%26orderid%3D180421163114104477785a%26sign%3D154e680a1f8b6e1dd01386b5020bb08b%26oneprice%3D2"}
2018-04-21 16:31:15:---[10003]---:双色球投注成功,orderid:180421163114104477785a
2018-04-21 16:31:15:---[bet]---:{"status":"success","url":".%2Findex.php%3Fact%3Dlottery%26st%3Dlotterypay%26pid%3D1%26prebuyid%3D9102386%26number%3D1%26multiple%3D1%26amount%3D2%26lotteryid%3D201%26lotteryname%3D%25E7%25A6%258F%25E5%25BD%25A93D%26issue%3D2018104%26bettype%3D1%26freezeamt%3D0%26ischaseid%3D0%26sid%3D2c8a2673496c39d3c65b92e92bce5a8ab701faa9%26userid%3D9380128%26orderid%3D18042116313677846635ad%26sign%3Df5de719c102b1b9443dded95c9fcb9af%26oneprice%3D2"}
2018-04-21 16:31:15:---[10004]---:福彩3D投注成功,orderid:18042116313677846635ad
2018-04-21 16:31:15:---[bet]---:{"status":"success","url":".%2Findex.php%3Fact%3Dlottery%26st%3Dlotterypay%26pid%3D1%26prebuyid%3D9102388%26number%3D2%26multiple%3D1%26amount%3D4%26lotteryid%3D201%26lotteryname%3D%25E7%25A6%258F%25E5%25BD%25A93D%26issue%3D2018104%26bettype%3D1%26freezeamt%3D0%26ischaseid%3D0%26sid%3Da4763cc13278a5ba770add5674a9f01c813d6dc3%26userid%3D9380128%26orderid%3D180421163120673320825a%26sign%3D08e0fda8a536b3fdef7dcc9da4cb65db%26oneprice%3D2"}
2018-04-21 16:31:15:---[10005]---:福彩3D投注成功,orderid:180421163120673320825a
2018-04-21 16:31:16:---[bet]---:{"status":"success","url":".%2Findex.php%3Fact%3Dlottery%26st%3Dlotterypay%26pid%3D1%26prebuyid%3D9102390%26number%3D1%26multiple%3D1%26amount%3D2%26lotteryid%3D201%26lotteryname%3D%25E7%25A6%258F%25E5%25BD%25A93D%26issue%3D2018104%26bettype%3D1%26freezeamt%3D0%26ischaseid%3D0%26sid%3D7bacf8f98f12765df6b2430460431ffe0b412685%26userid%3D9380128%26orderid%3D1804211631746377255ada%26sign%3Dd8e12397f3b0c41a14965c25adaed179%26oneprice%3D2"}
2018-04-21 16:31:16:---[10006]---:福彩3D投注成功,orderid:1804211631746377255ada
2018-04-21 16:31:16:---[bet]---:{"status":"success","url":".%2Findex.php%3Fact%3Dlottery%26st%3Dlotterypay%26pid%3D1%26prebuyid%3D9102392%26number%3D2%26multiple%3D1%26amount%3D4%26lotteryid%3D201%26lotteryname%3D%25E7%25A6%258F%25E5%25BD%25A93D%26issue%3D2018104%26bettype%3D1%26freezeamt%3D0%26ischaseid%3D0%26sid%3De5855f4b2a61dfa4281eb2f2bc76249ae4a0dc45%26userid%3D9380128%26orderid%3D180421163118754718405a%26sign%3D9e7dd995d1476568683ba38ad6f6e6c7%26oneprice%3D2"}
2018-04-21 16:31:16:---[10007]---:福彩3D投注成功,orderid:180421163118754718405a
2018-04-21 16:31:16:---[bet]---:{"status":"success","url":".%2Findex.php%3Fact%3Dlottery%26st%3Dlotterypay%26pid%3D1%26prebuyid%3D9102394%26number%3D1%26multiple%3D1%26amount%3D2%26lotteryid%3D201%26lotteryname%3D%25E7%25A6%258F%25E5%25BD%25A93D%26issue%3D2018104%26bettype%3D1%26freezeamt%3D0%26ischaseid%3D0%26sid%3D96748916c5a0715dd215f3b9d2146ec10c66d48c%26userid%3D9380128%26orderid%3D180421163115542934495a%26sign%3D6203f1dc3763c2036567693b30b335ee%26oneprice%3D2"}
2018-04-21 16:31:16:---[10008]---:福彩3D投注成功,orderid:180421163115542934495a
2018-04-21 16:31:17:---[bet]---:{"status":"success","url":".%2Findex.php%3Fact%3Dlottery%26st%3Dlotterypay%26pid%3D1%26prebuyid%3D9102396%26number%3D4%26multiple%3D1%26amount%3D8%26lotteryid%3D201%26lotteryname%3D%25E7%25A6%258F%25E5%25BD%25A93D%26issue%3D2018104%26bettype%3D1%26freezeamt%3D0%26ischaseid%3D0%26sid%3Dbea6109f7a32384a57212d9e7b8ce07ae5fd3bc1%26userid%3D9380128%26orderid%3D180421163113267437835a%26sign%3D0de297bb94606bd2f16b996ccaeef778%26oneprice%3D2"}
2018-04-21 16:31:17:---[10009]---:福彩3D投注成功,orderid:180421163113267437835a
2018-04-21 16:31:17:---[bet]---:{"status":"success","url":".%2Findex.php%3Fact%3Dlottery%26st%3Dlotterypay%26pid%3D1%26prebuyid%3D9102398%26number%3D1%26multiple%3D1%26amount%3D2%26lotteryid%3D202%26lotteryname%3D%25E4%25B8%2583%25E4%25B9%2590%25E5%25BD%25A9%26issue%3D2018046%26bettype%3D1%26freezeamt%3D0%26ischaseid%3D0%26sid%3Df9c3535e88eea2c0d92bf577f95d102015fae2fd%26userid%3D9380128%26orderid%3D18042116318604847925ad%26sign%3D5c88fe7daa258adb375fa5a0fc1d4584%26oneprice%3D2"}
2018-04-21 16:31:17:---[10010]---:七乐彩投注成功,orderid:18042116318604847925ad
2018-04-21 16:31:17:---[bet]---:{"status":"success","url":".%2Findex.php%3Fact%3Dlottery%26st%3Dlotterypay%26pid%3D1%26prebuyid%3D9102400%26number%3D8%26multiple%3D1%26amount%3D16%26lotteryid%3D202%26lotteryname%3D%25E4%25B8%2583%25E4%25B9%2590%25E5%25BD%25A9%26issue%3D2018046%26bettype%3D1%26freezeamt%3D0%26ischaseid%3D0%26sid%3De0bcadb90860f7500b10b767f0e6923aad1f6a3d%26userid%3D9380128%26orderid%3D180421163111846252735a%26sign%3D17abde60396d7d19d51a6b6921600d4c%26oneprice%3D2"}
2018-04-21 16:31:17:---[10011]---:七乐彩投注成功,orderid:180421163111846252735a
2018-04-21 16:31:18:---[bet]---:{"status":"success","url":".%2Findex.php%3Fact%3Dlottery%26st%3Dlotterypay%26pid%3D1%26prebuyid%3D9102402%26number%3D2%26multiple%3D1%26amount%3D4%26lotteryid%3D202%26lotteryname%3D%25E4%25B8%2583%25E4%25B9%2590%25E5%25BD%25A9%26issue%3D2018046%26bettype%3D1%26freezeamt%3D0%26ischaseid%3D0%26sid%3Dd42f5d2b0c4077f34fc45d4f3eba963e5e79c6f0%26userid%3D9380128%26orderid%3D18042116315872724185ad%26sign%3Da6505227219864ff6b1b7f94cea9af3e%26oneprice%3D2"}
2018-04-21 16:31:18:---[10012]---:七乐彩投注成功,orderid:18042116315872724185ad
2018-04-21 16:31:18:---[bet]---:{"status":"success","url":".%2Findex.php%3Fact%3Dlottery%26st%3Dlotterypay%26pid%3D1%26prebuyid%3D9102404%26number%3D1%26multiple%3D1%26amount%3D2%26lotteryid%3D51%26lotteryname%3D%25E5%25A4%25A7%25E4%25B9%2590%25E9%2580%258F%26issue%3D18045%26bettype%3D1%26freezeamt%3D0%26ischaseid%3D0%26sid%3D74fe439aa4aa74fb1260daef1185b5db75ab7cdf%26userid%3D9380128%26orderid%3D180421163117801373135a%26sign%3Db5ddc6986b6ad177c9de9fad19f90f53%26oneprice%3D2"}
2018-04-21 16:31:18:---[10013]---:大乐透投注成功,orderid:180421163117801373135a
2018-04-21 16:31:18:---[bet]---:{"status":"success","url":".%2Findex.php%3Fact%3Dlottery%26st%3Dlotterypay%26pid%3D1%26prebuyid%3D9102406%26number%3D3%26multiple%3D1%26amount%3D6%26lotteryid%3D51%26lotteryname%3D%25E5%25A4%25A7%25E4%25B9%2590%25E9%2580%258F%26issue%3D18045%26bettype%3D1%26freezeamt%3D0%26ischaseid%3D0%26sid%3D23be262e8ba7180066533579296c600d9f3dd8fd%26userid%3D9380128%26orderid%3D18042116312635632345ad%26sign%3D615c0ca7e49821d4a1e78a1b51cea3b9%26oneprice%3D2"}
2018-04-21 16:31:18:---[10014]---:大乐透投注成功,orderid:18042116312635632345ad
2018-04-21 16:31:19:---[bet]---:{"status":"success","url":".%2Findex.php%3Fact%3Dlottery%26st%3Dlotterypay%26pid%3D1%26prebuyid%3D9102408%26number%3D2%26multiple%3D1%26amount%3D4%26lotteryid%3D51%26lotteryname%3D%25E5%25A4%25A7%25E4%25B9%2590%25E9%2580%258F%26issue%3D18045%26bettype%3D1%26freezeamt%3D0%26ischaseid%3D0%26sid%3D4f30c687d37e221ec746ad8b7ffb5d8484d4143f%26userid%3D9380128%26orderid%3D180421163112540792275a%26sign%3D55fa5417971d17e9638d3327f0cf333f%26oneprice%3D2"}
2018-04-21 16:31:19:---[10015]---:大乐透投注成功,orderid:180421163112540792275a
2018-04-21 16:31:19:---[bet]---:{"status":"success","url":".%2Findex.php%3Fact%3Dlottery%26st%3Dlotterypay%26pid%3D1%26prebuyid%3D9102410%26number%3D1%26multiple%3D1%26amount%3D2%26lotteryid%3D52%26lotteryname%3D%25E4%25B8%2583%25E6%2598%259F%25E5%25BD%25A9%26issue%3D18045%26bettype%3D1%26freezeamt%3D0%26ischaseid%3D0%26sid%3D03615772fa709fc03f5a32d83ebe5a97f99c95fb%26userid%3D9380128%26orderid%3D180421163117655945865a%26sign%3D41f72b1268d06382151e3ec36e44d17b%26oneprice%3D2"}
2018-04-21 16:31:19:---[10016]---:七星彩投注成功,orderid:180421163117655945865a
2018-04-21 16:31:19:---[bet]---:{"status":"success","url":".%2Findex.php%3Fact%3Dlottery%26st%3Dlotterypay%26pid%3D1%26prebuyid%3D9102412%26number%3D2%26multiple%3D1%26amount%3D4%26lotteryid%3D52%26lotteryname%3D%25E4%25B8%2583%25E6%2598%259F%25E5%25BD%25A9%26issue%3D18045%26bettype%3D1%26freezeamt%3D0%26ischaseid%3D0%26sid%3D606170efe6fd28fe6b30ddf8bd20ff57ae3e2064%26userid%3D9380128%26orderid%3D1804211631726154305ada%26sign%3Dee83cb01d633272fe4dbfd9afe881fae%26oneprice%3D2"}
2018-04-21 16:31:19:---[10017]---:七星彩投注成功,orderid:1804211631726154305ada
2018-04-21 16:31:20:---[bet]---:{"status":"success","url":".%2Findex.php%3Fact%3Dlottery%26st%3Dlotterypay%26pid%3D1%26prebuyid%3D9102414%26number%3D1%26multiple%3D1%26amount%3D2%26lotteryid%3D53%26lotteryname%3D%25E6%258E%2592%25E5%2588%2597%25E4%25BA%2594%26issue%3D18104%26bettype%3D1%26freezeamt%3D0%26ischaseid%3D0%26sid%3Dbe79cc09c69c8c595374944b7f7606cd244aafae%26userid%3D9380128%26orderid%3D180421163116185159575a%26sign%3D852b2973d1916bd23ba3d70146edaa3b%26oneprice%3D2"}
2018-04-21 16:31:20:---[10018]---:排列五投注成功,orderid:180421163116185159575a
2018-04-21 16:31:20:---[bet]---:{"status":"success","url":".%2Findex.php%3Fact%3Dlottery%26st%3Dlotterypay%26pid%3D1%26prebuyid%3D9102416%26number%3D2%26multiple%3D1%26amount%3D4%26lotteryid%3D53%26lotteryname%3D%25E6%258E%2592%25E5%2588%2597%25E4%25BA%2594%26issue%3D18104%26bettype%3D1%26freezeamt%3D0%26ischaseid%3D0%26sid%3Da03118eca9fb236b6ed8f37c43f6fcb691b75a59%26userid%3D9380128%26orderid%3D180421163113677818435a%26sign%3Dedcaa87190556e24e5cd55dbd62d6d7d%26oneprice%3D2"}
2018-04-21 16:31:20:---[10019]---:排列五投注成功,orderid:180421163113677818435a
2018-04-21 16:31:20:---[bet]---:{"status":"success","url":".%2Findex.php%3Fact%3Dlottery%26st%3Dlotterypay%26pid%3D1%26prebuyid%3D9102418%26number%3D1%26multiple%3D1%26amount%3D2%26lotteryid%3D54%26lotteryname%3D%25E6%258E%2592%25E5%2588%2597%25E4%25B8%2589%26issue%3D18104%26bettype%3D1%26freezeamt%3D0%26ischaseid%3D0%26sid%3D21a9c140a31f9e1277da3ab03ac4162e0728a427%26userid%3D9380128%26orderid%3D18042116317313010895ad%26sign%3D3edbb906e2d084740fe8b3f6a707cb21%26oneprice%3D2"}
2018-04-21 16:31:20:---[10020]---:排列三投注成功,orderid:18042116317313010895ad
2018-04-21 16:31:21:---[bet]---:{"status":"success","url":".%2Findex.php%3Fact%3Dlottery%26st%3Dlotterypay%26pid%3D1%26prebuyid%3D9102420%26number%3D2%26multiple%3D1%26amount%3D4%26lotteryid%3D54%26lotteryname%3D%25E6%258E%2592%25E5%2588%2597%25E4%25B8%2589%26issue%3D18104%26bettype%3D1%26freezeamt%3D0%26ischaseid%3D0%26sid%3D153107b266f6915f24415a72eb4c23a353c7e223%26userid%3D9380128%26orderid%3D18042116314133958415ad%26sign%3D630c76acb2a2bd87c45da50cab8724ce%26oneprice%3D2"}
2018-04-21 16:31:21:---[10021]---:排列三投注成功,orderid:18042116314133958415ad
2018-04-21 16:31:21:---[bet]---:{"status":"success","url":".%2Findex.php%3Fact%3Dlottery%26st%3Dlotterypay%26pid%3D1%26prebuyid%3D9102422%26number%3D3%26multiple%3D1%26amount%3D6%26lotteryid%3D54%26lotteryname%3D%25E6%258E%2592%25E5%2588%2597%25E4%25B8%2589%26issue%3D18104%26bettype%3D1%26freezeamt%3D0%26ischaseid%3D0%26sid%3Df20c0daf5c26a2b54c35abcf1415fb118bf0de0e%26userid%3D9380128%26orderid%3D18042116317541501515ad%26sign%3Dae2af6ccc015d4a43eaaba13c8a1f975%26oneprice%3D2"}
2018-04-21 16:31:21:---[10022]---:排列三投注成功,orderid:18042116317541501515ad
2018-04-21 16:31:21:---[bet]---:{"status":"success","url":".%2Findex.php%3Fact%3Dlottery%26st%3Dlotterypay%26pid%3D1%26prebuyid%3D9102424%26number%3D6%26multiple%3D1%26amount%3D12%26lotteryid%3D54%26lotteryname%3D%25E6%258E%2592%25E5%2588%2597%25E4%25B8%2589%26issue%3D18104%26bettype%3D1%26freezeamt%3D0%26ischaseid%3D0%26sid%3Df8529d4bdc33cdc21b50092f32b680e2c5df2b44%26userid%3D9380128%26orderid%3D1804211631981572975ada%26sign%3De1b935b047c0bbdfca2546b88ac93d06%26oneprice%3D2"}
2018-04-21 16:31:21:---[10023]---:排列三投注成功,orderid:1804211631981572975ada
2018-04-21 16:31:21:---[bet]---:{"status":"success","url":".%2Findex.php%3Fact%3Dlottery%26st%3Dlotterypay%26pid%3D1%26prebuyid%3D9102426%26number%3D1%26multiple%3D1%26amount%3D2%26lotteryid%3D54%26lotteryname%3D%25E6%258E%2592%25E5%2588%2597%25E4%25B8%2589%26issue%3D18104%26bettype%3D1%26freezeamt%3D0%26ischaseid%3D0%26sid%3Da6342618e3d28d7ec92d1f3b76ee100e5df8a52a%26userid%3D9380128%26orderid%3D180421163115176944265a%26sign%3Dbc678eb656fdd80a3071d386e30ff1db%26oneprice%3D2"}
2018-04-21 16:31:21:---[10024]---:排列三投注成功,orderid:180421163115176944265a
2018-04-21 16:31:22:---[bet]---:{"status":"success","url":".%2Findex.php%3Fact%3Dlottery%26st%3Dlotterypay%26pid%3D1%26prebuyid%3D9102428%26number%3D2%26multiple%3D1%26amount%3D4%26lotteryid%3D54%26lotteryname%3D%25E6%258E%2592%25E5%2588%2597%25E4%25B8%2589%26issue%3D18104%26bettype%3D1%26freezeamt%3D0%26ischaseid%3D0%26sid%3D8ec8469b9360d3c595db9a066624791eca7d86d6%26userid%3D9380128%26orderid%3D18042116314474654475ad%26sign%3D45d4a19e5375c09aeac90d183fdd3328%26oneprice%3D2"}
2018-04-21 16:31:22:---[10025]---:排列三投注成功,orderid:18042116314474654475ad
2018-04-21 16:31:22:---[bet]---:{"status":"success","url":".%2Findex.php%3Fact%3Dlottery%26st%3Dlotterypay%26pid%3D1%26prebuyid%3D9102430%26number%3D1%26multiple%3D1%26amount%3D2%26lotteryid%3D54%26lotteryname%3D%25E6%258E%2592%25E5%2588%2597%25E4%25B8%2589%26issue%3D18104%26bettype%3D1%26freezeamt%3D0%26ischaseid%3D0%26sid%3D832bfcabcb041ae32e3448814fc7b38eba041c95%26userid%3D9380128%26orderid%3D180421163117556840815a%26sign%3Dcf796c31595f473c850f64833a6b2807%26oneprice%3D2"}
2018-04-21 16:31:22:---[10026]---:排列三投注成功,orderid:180421163117556840815a
2018-04-21 16:34:29:---[bet]---:{"status":"success","url":".%2Findex.php%3Fact%3Dlottery%26st%3Dlotterypay%26pid%3D1%26prebuyid%3D9102460%26number%3D1%26multiple%3D1%26amount%3D2%26lotteryid%3D200%26lotteryname%3D%25E5%258F%258C%25E8%2589%25B2%25E7%2590%2583%26issue%3D2018045%26bettype%3D1%26freezeamt%3D0%26ischaseid%3D0%26sid%3D1313946cbaedaf64188b2b8a0ae5883013183382%26userid%3D9380128%26orderid%3D180421163414277501685a%26sign%3D0f3eae4f40f09e51ac216ef6d49fda0f%26oneprice%3D2"}
2018-04-21 16:34:29:---[10001]---:双色球投注成功,orderid:180421163414277501685a
2018-04-21 16:34:30:---[bet]---:{"status":"success","url":".%2Findex.php%3Fact%3Dlottery%26st%3Dlotterypay%26pid%3D1%26prebuyid%3D9102462%26number%3D7%26multiple%3D1%26amount%3D14%26lotteryid%3D200%26lotteryname%3D%25E5%258F%258C%25E8%2589%25B2%25E7%2590%2583%26issue%3D2018045%26bettype%3D1%26freezeamt%3D0%26ischaseid%3D0%26sid%3D908f9f1029297f9b0d9118dc87c4754b9174fa20%26userid%3D9380128%26orderid%3D180421163419489451825a%26sign%3Dfa9b6c63002f3cce6f253ff6d3b6f6e2%26oneprice%3D2"}
2018-04-21 16:34:30:---[10002]---:双色球投注成功,orderid:180421163419489451825a
2018-04-21 16:34:30:---[bet]---:{"status":"success","url":".%2Findex.php%3Fact%3Dlottery%26st%3Dlotterypay%26pid%3D1%26prebuyid%3D9102464%26number%3D2%26multiple%3D1%26amount%3D4%26lotteryid%3D200%26lotteryname%3D%25E5%258F%258C%25E8%2589%25B2%25E7%2590%2583%26issue%3D2018045%26bettype%3D1%26freezeamt%3D0%26ischaseid%3D0%26sid%3Db43f02b3382b701a11593ae8fbf6689934ba588d%26userid%3D9380128%26orderid%3D180421163416596484445a%26sign%3Db81417f4debd52e8204e20a6f1264d09%26oneprice%3D2"}
2018-04-21 16:34:30:---[10003]---:双色球投注成功,orderid:180421163416596484445a
2018-04-21 16:34:30:---[bet]---:{"status":"success","url":".%2Findex.php%3Fact%3Dlottery%26st%3Dlotterypay%26pid%3D1%26prebuyid%3D9102466%26number%3D1%26multiple%3D1%26amount%3D2%26lotteryid%3D201%26lotteryname%3D%25E7%25A6%258F%25E5%25BD%25A93D%26issue%3D2018104%26bettype%3D1%26freezeamt%3D0%26ischaseid%3D0%26sid%3D083b661089a060687c288555ce8ef354f1f999ed%26userid%3D9380128%26orderid%3D180421163421194298505a%26sign%3D622cbf6eb3265d93528e8c5fb1da9edd%26oneprice%3D2"}
2018-04-21 16:34:30:---[10004]---:福彩3D投注成功,orderid:180421163421194298505a
2018-04-21 16:34:31:---[bet]---:{"status":"success","url":".%2Findex.php%3Fact%3Dlottery%26st%3Dlotterypay%26pid%3D1%26prebuyid%3D9102468%26number%3D2%26multiple%3D1%26amount%3D4%26lotteryid%3D201%26lotteryname%3D%25E7%25A6%258F%25E5%25BD%25A93D%26issue%3D2018104%26bettype%3D1%26freezeamt%3D0%26ischaseid%3D0%26sid%3D63b7e2b93efc6e7d50b82e7cf48eefe75b184281%26userid%3D9380128%26orderid%3D18042116346860333625ad%26sign%3D1c6a7baa1e4ed5a8205e3118ac8b2c97%26oneprice%3D2"}
2018-04-21 16:34:31:---[10005]---:福彩3D投注成功,orderid:18042116346860333625ad
2018-04-21 16:34:31:---[bet]---:{"status":"success","url":".%2Findex.php%3Fact%3Dlottery%26st%3Dlotterypay%26pid%3D1%26prebuyid%3D9102470%26number%3D1%26multiple%3D1%26amount%3D2%26lotteryid%3D201%26lotteryname%3D%25E7%25A6%258F%25E5%25BD%25A93D%26issue%3D2018104%26bettype%3D1%26freezeamt%3D0%26ischaseid%3D0%26sid%3D8709618b5c742a3214669f86c6e127f696a272fd%26userid%3D9380128%26orderid%3D18042116348970209215ad%26sign%3Df1815ad26f61e24ba9d40402e3605d68%26oneprice%3D2"}
2018-04-21 16:34:31:---[10006]---:福彩3D投注成功,orderid:18042116348970209215ad
2018-04-21 16:34:31:---[bet]---:{"status":"success","url":".%2Findex.php%3Fact%3Dlottery%26st%3Dlotterypay%26pid%3D1%26prebuyid%3D9102472%26number%3D2%26multiple%3D1%26amount%3D4%26lotteryid%3D201%26lotteryname%3D%25E7%25A6%258F%25E5%25BD%25A93D%26issue%3D2018104%26bettype%3D1%26freezeamt%3D0%26ischaseid%3D0%26sid%3Dcc8efdabc940d3fce1efb8ffbfe931a6675e8267%26userid%3D9380128%26orderid%3D180421163419769217345a%26sign%3D24e1ec6e63a331b342352cb603ef1441%26oneprice%3D2"}
2018-04-21 16:34:31:---[10007]---:福彩3D投注成功,orderid:180421163419769217345a
2018-04-21 16:34:32:---[bet]---:{"status":"success","url":".%2Findex.php%3Fact%3Dlottery%26st%3Dlotterypay%26pid%3D1%26prebuyid%3D9102474%26number%3D1%26multiple%3D1%26amount%3D2%26lotteryid%3D201%26lotteryname%3D%25E7%25A6%258F%25E5%25BD%25A93D%26issue%3D2018104%26bettype%3D1%26freezeamt%3D0%26ischaseid%3D0%26sid%3D4dc2b2f4ac5b13768ed33e690dc05c0c24d0fb5e%26userid%3D9380128%26orderid%3D18042116348792930245ad%26sign%3D8008262f270ab4aa3eca42bcb6d0c9a4%26oneprice%3D2"}
2018-04-21 16:34:32:---[10008]---:福彩3D投注成功,orderid:18042116348792930245ad
2018-04-21 16:34:32:---[bet]---:{"status":"success","url":".%2Findex.php%3Fact%3Dlottery%26st%3Dlotterypay%26pid%3D1%26prebuyid%3D9102476%26number%3D4%26multiple%3D1%26amount%3D8%26lotteryid%3D201%26lotteryname%3D%25E7%25A6%258F%25E5%25BD%25A93D%26issue%3D2018104%26bettype%3D1%26freezeamt%3D0%26ischaseid%3D0%26sid%3Df8b09486b87a412d82cfac34483bee3c7cf73cd0%26userid%3D9380128%26orderid%3D18042116345593280075ad%26sign%3Df66b88e583098421dce8f48da22fa9ac%26oneprice%3D2"}
2018-04-21 16:34:32:---[10009]---:福彩3D投注成功,orderid:18042116345593280075ad
2018-04-21 16:34:32:---[bet]---:{"status":"success","url":".%2Findex.php%3Fact%3Dlottery%26st%3Dlotterypay%26pid%3D1%26prebuyid%3D9102478%26number%3D1%26multiple%3D1%26amount%3D2%26lotteryid%3D202%26lotteryname%3D%25E4%25B8%2583%25E4%25B9%2590%25E5%25BD%25A9%26issue%3D2018046%26bettype%3D1%26freezeamt%3D0%26ischaseid%3D0%26sid%3D0b2d9d8157bd5a58d5a85d1a2aee8dbf461e546e%26userid%3D9380128%26orderid%3D18042116345977283625ad%26sign%3Dd11772e36bbfa6bb35bbf062d23369ff%26oneprice%3D2"}
2018-04-21 16:34:32:---[10010]---:七乐彩投注成功,orderid:18042116345977283625ad
2018-04-21 16:34:33:---[bet]---:{"status":"success","url":".%2Findex.php%3Fact%3Dlottery%26st%3Dlotterypay%26pid%3D1%26prebuyid%3D9102480%26number%3D8%26multiple%3D1%26amount%3D16%26lotteryid%3D202%26lotteryname%3D%25E4%25B8%2583%25E4%25B9%2590%25E5%25BD%25A9%26issue%3D2018046%26bettype%3D1%26freezeamt%3D0%26ischaseid%3D0%26sid%3Dedb4676250d2497729199941eb895912a75a7ee3%26userid%3D9380128%26orderid%3D18042116345624332315ad%26sign%3De055e87bba624a11c9e18abddaa69a38%26oneprice%3D2"}
2018-04-21 16:34:33:---[10011]---:七乐彩投注成功,orderid:18042116345624332315ad
2018-04-21 16:34:33:---[bet]---:{"status":"success","url":".%2Findex.php%3Fact%3Dlottery%26st%3Dlotterypay%26pid%3D1%26prebuyid%3D9102482%26number%3D2%26multiple%3D1%26amount%3D4%26lotteryid%3D202%26lotteryname%3D%25E4%25B8%2583%25E4%25B9%2590%25E5%25BD%25A9%26issue%3D2018046%26bettype%3D1%26freezeamt%3D0%26ischaseid%3D0%26sid%3D4dc13deb557865306872571d19a66639c8797a2c%26userid%3D9380128%26orderid%3D18042116348594226905ad%26sign%3D46c627fd8bbedf908b44047b039c4eae%26oneprice%3D2"}
2018-04-21 16:34:33:---[10012]---:七乐彩投注成功,orderid:18042116348594226905ad
2018-04-21 16:34:33:---[bet]---:{"status":"success","url":".%2Findex.php%3Fact%3Dlottery%26st%3Dlotterypay%26pid%3D1%26prebuyid%3D9102484%26number%3D1%26multiple%3D1%26amount%3D2%26lotteryid%3D51%26lotteryname%3D%25E5%25A4%25A7%25E4%25B9%2590%25E9%2580%258F%26issue%3D18045%26bettype%3D1%26freezeamt%3D0%26ischaseid%3D0%26sid%3D5ebfccf2af86f507678b6212aa2622ac90941ed8%26userid%3D9380128%26orderid%3D180421163418212294435a%26sign%3De92d23fae288be27a815321f5bfedb50%26oneprice%3D2"}
2018-04-21 16:34:33:---[10013]---:大乐透投注成功,orderid:180421163418212294435a
2018-04-21 16:34:34:---[bet]---:{"status":"success","url":".%2Findex.php%3Fact%3Dlottery%26st%3Dlotterypay%26pid%3D1%26prebuyid%3D9102486%26number%3D3%26multiple%3D1%26amount%3D6%26lotteryid%3D51%26lotteryname%3D%25E5%25A4%25A7%25E4%25B9%2590%25E9%2580%258F%26issue%3D18045%26bettype%3D1%26freezeamt%3D0%26ischaseid%3D0%26sid%3Db8c76fc509c80c87419d953fd4ee35981101228e%26userid%3D9380128%26orderid%3D180421163417927676805a%26sign%3D353e95cb8c26d51d1b9c32d4c3568edf%26oneprice%3D2"}
2018-04-21 16:34:34:---[10014]---:大乐透投注成功,orderid:180421163417927676805a
2018-04-21 16:34:34:---[bet]---:{"status":"success","url":".%2Findex.php%3Fact%3Dlottery%26st%3Dlotterypay%26pid%3D1%26prebuyid%3D9102488%26number%3D2%26multiple%3D1%26amount%3D4%26lotteryid%3D51%26lotteryname%3D%25E5%25A4%25A7%25E4%25B9%2590%25E9%2580%258F%26issue%3D18045%26bettype%3D1%26freezeamt%3D0%26ischaseid%3D0%26sid%3D1769cc2333ef8d6c3132c230afd0eb854495141a%26userid%3D9380128%26orderid%3D18042116344957330645ad%26sign%3D5a631d3fc70e71f91253aadc16640876%26oneprice%3D2"}
2018-04-21 16:34:34:---[10015]---:大乐透投注成功,orderid:18042116344957330645ad
2018-04-21 16:34:34:---[bet]---:{"status":"success","url":".%2Findex.php%3Fact%3Dlottery%26st%3Dlotterypay%26pid%3D1%26prebuyid%3D9102490%26number%3D1%26multiple%3D1%26amount%3D2%26lotteryid%3D52%26lotteryname%3D%25E4%25B8%2583%25E6%2598%259F%25E5%25BD%25A9%26issue%3D18045%26bettype%3D1%26freezeamt%3D0%26ischaseid%3D0%26sid%3D24e4b6ca63a5370904e3b71d41061c33e807c618%26userid%3D9380128%26orderid%3D18042116343090822945ad%26sign%3Ddb11bfea5c59df6e369c6df77b4b6427%26oneprice%3D2"}
2018-04-21 16:34:34:---[10016]---:七星彩投注成功,orderid:18042116343090822945ad
2018-04-21 16:34:35:---[bet]---:{"status":"success","url":".%2Findex.php%3Fact%3Dlottery%26st%3Dlotterypay%26pid%3D1%26prebuyid%3D9102492%26number%3D2%26multiple%3D1%26amount%3D4%26lotteryid%3D52%26lotteryname%3D%25E4%25B8%2583%25E6%2598%259F%25E5%25BD%25A9%26issue%3D18045%26bettype%3D1%26freezeamt%3D0%26ischaseid%3D0%26sid%3Db171497ba8f4f75b0b9f83fa30b353e24ad69930%26userid%3D9380128%26orderid%3D180421163417371006455a%26sign%3Da24dfe528e36c5df5fa326426b38431e%26oneprice%3D2"}
2018-04-21 16:34:35:---[10017]---:七星彩投注成功,orderid:180421163417371006455a
2018-04-21 16:34:35:---[bet]---:{"status":"success","url":".%2Findex.php%3Fact%3Dlottery%26st%3Dlotterypay%26pid%3D1%26prebuyid%3D9102494%26number%3D1%26multiple%3D1%26amount%3D2%26lotteryid%3D53%26lotteryname%3D%25E6%258E%2592%25E5%2588%2597%25E4%25BA%2594%26issue%3D18104%26bettype%3D1%26freezeamt%3D0%26ischaseid%3D0%26sid%3D2f8edaa74776b14045712739a3a9f0b1de267564%26userid%3D9380128%26orderid%3D180421163420650024105a%26sign%3D77c4126a0f439e9265f22d9bfc96b0e2%26oneprice%3D2"}
2018-04-21 16:34:35:---[10018]---:排列五投注成功,orderid:180421163420650024105a
2018-04-21 16:34:35:---[bet]---:{"status":"success","url":".%2Findex.php%3Fact%3Dlottery%26st%3Dlotterypay%26pid%3D1%26prebuyid%3D9102496%26number%3D2%26multiple%3D1%26amount%3D4%26lotteryid%3D53%26lotteryname%3D%25E6%258E%2592%25E5%2588%2597%25E4%25BA%2594%26issue%3D18104%26bettype%3D1%26freezeamt%3D0%26ischaseid%3D0%26sid%3Dbc16795e5156d75125d57fdc81caa8c9173ee98c%26userid%3D9380128%26orderid%3D18042116345628537575ad%26sign%3Dae1581fc4a381b1aed22de614145f7f6%26oneprice%3D2"}
2018-04-21 16:34:35:---[10019]---:排列五投注成功,orderid:18042116345628537575ad
2018-04-21 16:34:35:---[bet]---:{"status":"success","url":".%2Findex.php%3Fact%3Dlottery%26st%3Dlotterypay%26pid%3D1%26prebuyid%3D9102498%26number%3D1%26multiple%3D1%26amount%3D2%26lotteryid%3D54%26lotteryname%3D%25E6%258E%2592%25E5%2588%2597%25E4%25B8%2589%26issue%3D18104%26bettype%3D1%26freezeamt%3D0%26ischaseid%3D0%26sid%3D9be51b8c5528241710b0973d16fc583d588d2640%26userid%3D9380128%26orderid%3D18042116341819490975ad%26sign%3D77467469ca754ebc71798fb6f96c9adb%26oneprice%3D2"}
2018-04-21 16:34:35:---[10020]---:排列三投注成功,orderid:18042116341819490975ad
2018-04-21 16:34:36:---[bet]---:{"status":"success","url":".%2Findex.php%3Fact%3Dlottery%26st%3Dlotterypay%26pid%3D1%26prebuyid%3D9102500%26number%3D2%26multiple%3D1%26amount%3D4%26lotteryid%3D54%26lotteryname%3D%25E6%258E%2592%25E5%2588%2597%25E4%25B8%2589%26issue%3D18104%26bettype%3D1%26freezeamt%3D0%26ischaseid%3D0%26sid%3D5132f8f4dc8c34e1e416e7d3ddfd77c82a6706bc%26userid%3D9380128%26orderid%3D180421163417853634645a%26sign%3D0874bd9a74ecf505dfcd6cca09a69df4%26oneprice%3D2"}
2018-04-21 16:34:36:---[10021]---:排列三投注成功,orderid:180421163417853634645a
2018-04-21 16:34:36:---[bet]---:{"status":"success","url":".%2Findex.php%3Fact%3Dlottery%26st%3Dlotterypay%26pid%3D1%26prebuyid%3D9102502%26number%3D3%26multiple%3D1%26amount%3D6%26lotteryid%3D54%26lotteryname%3D%25E6%258E%2592%25E5%2588%2597%25E4%25B8%2589%26issue%3D18104%26bettype%3D1%26freezeamt%3D0%26ischaseid%3D0%26sid%3Dd3a1ebc63fb7db768c7d980669b4b64dfbb0cee4%26userid%3D9380128%26orderid%3D18042116342398843125ad%26sign%3D3b6732903a983919a123fc8ad3264673%26oneprice%3D2"}
2018-04-21 16:34:36:---[10022]---:排列三投注成功,orderid:18042116342398843125ad
2018-04-21 16:34:36:---[bet]---:{"status":"success","url":".%2Findex.php%3Fact%3Dlottery%26st%3Dlotterypay%26pid%3D1%26prebuyid%3D9102504%26number%3D6%26multiple%3D1%26amount%3D12%26lotteryid%3D54%26lotteryname%3D%25E6%258E%2592%25E5%2588%2597%25E4%25B8%2589%26issue%3D18104%26bettype%3D1%26freezeamt%3D0%26ischaseid%3D0%26sid%3D6ff535469b1f7b96057d5e341021e26448c9b112%26userid%3D9380128%26orderid%3D18042116341635906625ad%26sign%3Dda01d4b5e4631d24341920ded4949dda%26oneprice%3D2"}
2018-04-21 16:34:36:---[10023]---:排列三投注成功,orderid:18042116341635906625ad
2018-04-21 16:34:37:---[bet]---:{"status":"success","url":".%2Findex.php%3Fact%3Dlottery%26st%3Dlotterypay%26pid%3D1%26prebuyid%3D9102506%26number%3D1%26multiple%3D1%26amount%3D2%26lotteryid%3D54%26lotteryname%3D%25E6%258E%2592%25E5%2588%2597%25E4%25B8%2589%26issue%3D18104%26bettype%3D1%26freezeamt%3D0%26ischaseid%3D0%26sid%3Db99f92a8fc33a589a8adac9c251b937034b68aa6%26userid%3D9380128%26orderid%3D18042116347809838435ad%26sign%3D10fd2f5d6396fd0554884406e177967f%26oneprice%3D2"}
2018-04-21 16:34:37:---[10024]---:排列三投注成功,orderid:18042116347809838435ad
2018-04-21 16:34:37:---[bet]---:{"status":"success","url":".%2Findex.php%3Fact%3Dlottery%26st%3Dlotterypay%26pid%3D1%26prebuyid%3D9102508%26number%3D2%26multiple%3D1%26amount%3D4%26lotteryid%3D54%26lotteryname%3D%25E6%258E%2592%25E5%2588%2597%25E4%25B8%2589%26issue%3D18104%26bettype%3D1%26freezeamt%3D0%26ischaseid%3D0%26sid%3D42b6a34d25b498a3fe63214838fb602011abbcfd%26userid%3D9380128%26orderid%3D18042116349879922255ad%26sign%3D7ca7e9288f74c7683b6ad26f956cd2b0%26oneprice%3D2"}
2018-04-21 16:34:37:---[10025]---:排列三投注成功,orderid:18042116349879922255ad
2018-04-21 16:34:37:---[bet]---:{"status":"success","url":".%2Findex.php%3Fact%3Dlottery%26st%3Dlotterypay%26pid%3D1%26prebuyid%3D9102510%26number%3D1%26multiple%3D1%26amount%3D2%26lotteryid%3D54%26lotteryname%3D%25E6%258E%2592%25E5%2588%2597%25E4%25B8%2589%26issue%3D18104%26bettype%3D1%26freezeamt%3D0%26ischaseid%3D0%26sid%3Da7df877323bef3607154d96614f8f6acd7a57088%26userid%3D9380128%26orderid%3D180421163413245784365a%26sign%3D6fad78f2bee5023edbfc1d23786d423d%26oneprice%3D2"}
2018-04-21 16:34:37:---[10026]---:排列三投注成功,orderid:180421163413245784365a
2018-04-21 16:36:13:---[bet]---:{"status":"success","url":".%2Findex.php%3Fact%3Dlottery%26st%3Dlotterypay%26pid%3D1%26prebuyid%3D9102522%26number%3D1%26multiple%3D1%26amount%3D2%26lotteryid%3D200%26lotteryname%3D%25E5%258F%258C%25E8%2589%25B2%25E7%2590%2583%26issue%3D2018045%26bettype%3D1%26freezeamt%3D0%26ischaseid%3D0%26sid%3D274e8025acb4246c816dd14932584520f8d12b55%26userid%3D9380128%26orderid%3D180421163615710490315a%26sign%3D5f73936c8ae718025c236d0f5fd5fe75%26oneprice%3D2"}
2018-04-21 16:36:13:---[10001]---:双色球投注成功,orderid:180421163615710490315a
2018-04-21 16:36:13:---[bet]---:{"status":"success","url":".%2Findex.php%3Fact%3Dlottery%26st%3Dlotterypay%26pid%3D1%26prebuyid%3D9102524%26number%3D7%26multiple%3D1%26amount%3D14%26lotteryid%3D200%26lotteryname%3D%25E5%258F%258C%25E8%2589%25B2%25E7%2590%2583%26issue%3D2018045%26bettype%3D1%26freezeamt%3D0%26ischaseid%3D0%26sid%3De4bd24f327f07430cb8577e03b46b6fee948ef19%26userid%3D9380128%26orderid%3D1804211636631331335ada%26sign%3De67ba5923f67e9df16ceff2a5d0038c9%26oneprice%3D2"}
2018-04-21 16:36:13:---[10002]---:双色球投注成功,orderid:1804211636631331335ada
2018-04-21 16:36:14:---[bet]---:{"status":"success","url":".%2Findex.php%3Fact%3Dlottery%26st%3Dlotterypay%26pid%3D1%26prebuyid%3D9102526%26number%3D2%26multiple%3D1%26amount%3D4%26lotteryid%3D200%26lotteryname%3D%25E5%258F%258C%25E8%2589%25B2%25E7%2590%2583%26issue%3D2018045%26bettype%3D1%26freezeamt%3D0%26ischaseid%3D0%26sid%3D35c5f7c742a3eddd9710531e8ca3a6b2f74234b8%26userid%3D9380128%26orderid%3D180421163612740259275a%26sign%3D26a2afc595fa2f97c668e9c6d6f9642a%26oneprice%3D2"}
2018-04-21 16:36:14:---[10003]---:双色球投注成功,orderid:180421163612740259275a
2018-04-21 16:36:14:---[bet]---:{"status":"success","url":".%2Findex.php%3Fact%3Dlottery%26st%3Dlotterypay%26pid%3D1%26prebuyid%3D9102528%26number%3D1%26multiple%3D1%26amount%3D2%26lotteryid%3D201%26lotteryname%3D%25E7%25A6%258F%25E5%25BD%25A93D%26issue%3D2018104%26bettype%3D1%26freezeamt%3D0%26ischaseid%3D0%26sid%3De8db3e5dd8fa4655e3224ca71eecaaba9598750f%26userid%3D9380128%26orderid%3D18042116363160413105ad%26sign%3D47f76ba4824f507aa2f2018304aba668%26oneprice%3D2"}
2018-04-21 16:36:14:---[10004]---:福彩3D投注成功,orderid:18042116363160413105ad
2018-04-21 16:36:14:---[bet]---:{"status":"success","url":".%2Findex.php%3Fact%3Dlottery%26st%3Dlotterypay%26pid%3D1%26prebuyid%3D9102530%26number%3D2%26multiple%3D1%26amount%3D4%26lotteryid%3D201%26lotteryname%3D%25E7%25A6%258F%25E5%25BD%25A93D%26issue%3D2018104%26bettype%3D1%26freezeamt%3D0%26ischaseid%3D0%26sid%3Dcfa8da1dca1b11a271484da97db55ef3c1fd7cf9%26userid%3D9380128%26orderid%3D18042116361455743115ad%26sign%3D65b381fa3673aaa9634ab0e93a670358%26oneprice%3D2"}
2018-04-21 16:36:14:---[10005]---:福彩3D投注成功,orderid:18042116361455743115ad
2018-04-21 16:36:14:---[bet]---:{"status":"success","url":".%2Findex.php%3Fact%3Dlottery%26st%3Dlotterypay%26pid%3D1%26prebuyid%3D9102532%26number%3D1%26multiple%3D1%26amount%3D2%26lotteryid%3D201%26lotteryname%3D%25E7%25A6%258F%25E5%25BD%25A93D%26issue%3D2018104%26bettype%3D1%26freezeamt%3D0%26ischaseid%3D0%26sid%3D454c2ae6c3674c8bde0ef71d04161ca9119db57a%26userid%3D9380128%26orderid%3D180421163610057506515a%26sign%3D3ffa44de78b0d572a207077ab90fc941%26oneprice%3D2"}
2018-04-21 16:36:14:---[10006]---:福彩3D投注成功,orderid:180421163610057506515a
2018-04-21 16:36:15:---[bet]---:{"status":"success","url":".%2Findex.php%3Fact%3Dlottery%26st%3Dlotterypay%26pid%3D1%26prebuyid%3D9102534%26number%3D2%26multiple%3D1%26amount%3D4%26lotteryid%3D201%26lotteryname%3D%25E7%25A6%258F%25E5%25BD%25A93D%26issue%3D2018104%26bettype%3D1%26freezeamt%3D0%26ischaseid%3D0%26sid%3D14a4af601bd3267615a4457d9a6bc5caade9ae0d%26userid%3D9380128%26orderid%3D18042116369618532435ad%26sign%3D543529174b665bbb0343a5dfbe7adb67%26oneprice%3D2"}
2018-04-21 16:36:15:---[10007]---:福彩3D投注成功,orderid:18042116369618532435ad
2018-04-21 16:36:15:---[bet]---:{"status":"success","url":".%2Findex.php%3Fact%3Dlottery%26st%3Dlotterypay%26pid%3D1%26prebuyid%3D9102536%26number%3D1%26multiple%3D1%26amount%3D2%26lotteryid%3D201%26lotteryname%3D%25E7%25A6%258F%25E5%25BD%25A93D%26issue%3D2018104%26bettype%3D1%26freezeamt%3D0%26ischaseid%3D0%26sid%3D05e7ed4107bd33f81b36b4a1f574dc785528bd81%26userid%3D9380128%26orderid%3D180421163613056036815a%26sign%3Dee41cf1cb939a7ed9da37f147027a13d%26oneprice%3D2"}
2018-04-21 16:36:15:---[10008]---:福彩3D投注成功,orderid:180421163613056036815a
2018-04-21 16:36:15:---[bet]---:{"status":"success","url":".%2Findex.php%3Fact%3Dlottery%26st%3Dlotterypay%26pid%3D1%26prebuyid%3D9102540%26number%3D4%26multiple%3D1%26amount%3D8%26lotteryid%3D201%26lotteryname%3D%25E7%25A6%258F%25E5%25BD%25A93D%26issue%3D2018104%26bettype%3D1%26freezeamt%3D0%26ischaseid%3D0%26sid%3D3922a4630227f194afd73c4479ecbc7ef19998ab%26userid%3D9380128%26orderid%3D18042116368146299395ad%26sign%3Ded2cbaa9b4a2b5549ba3ac650adbdd8a%26oneprice%3D2"}
2018-04-21 16:36:15:---[10009]---:福彩3D投注成功,orderid:18042116368146299395ad
2018-04-21 16:36:16:---[bet]---:{"status":"success","url":".%2Findex.php%3Fact%3Dlottery%26st%3Dlotterypay%26pid%3D1%26prebuyid%3D9102542%26number%3D1%26multiple%3D1%26amount%3D2%26lotteryid%3D202%26lotteryname%3D%25E4%25B8%2583%25E4%25B9%2590%25E5%25BD%25A9%26issue%3D2018046%26bettype%3D1%26freezeamt%3D0%26ischaseid%3D0%26sid%3Dcf4a9756c1ac728548f0bfc535e0f6a20fd59802%26userid%3D9380128%26orderid%3D180421163613199618565a%26sign%3Dc8c805e1af1fe3f5a8cbc531d82bfef0%26oneprice%3D2"}
2018-04-21 16:36:16:---[10010]---:七乐彩投注成功,orderid:180421163613199618565a
2018-04-21 16:36:16:---[bet]---:{"status":"success","url":".%2Findex.php%3Fact%3Dlottery%26st%3Dlotterypay%26pid%3D1%26prebuyid%3D9102544%26number%3D8%26multiple%3D1%26amount%3D16%26lotteryid%3D202%26lotteryname%3D%25E4%25B8%2583%25E4%25B9%2590%25E5%25BD%25A9%26issue%3D2018046%26bettype%3D1%26freezeamt%3D0%26ischaseid%3D0%26sid%3Db9c23b297b5dac4615ba51616ccc11fbc25d3fbd%26userid%3D9380128%26orderid%3D18042116368556681265ad%26sign%3D74b33277dfdc4459d837560e05e14910%26oneprice%3D2"}
2018-04-21 16:36:16:---[10011]---:七乐彩投注成功,orderid:18042116368556681265ad
2018-04-21 16:36:16:---[bet]---:{"status":"success","url":".%2Findex.php%3Fact%3Dlottery%26st%3Dlotterypay%26pid%3D1%26prebuyid%3D9102546%26number%3D2%26multiple%3D1%26amount%3D4%26lotteryid%3D202%26lotteryname%3D%25E4%25B8%2583%25E4%25B9%2590%25E5%25BD%25A9%26issue%3D2018046%26bettype%3D1%26freezeamt%3D0%26ischaseid%3D0%26sid%3Dc4e513ff5bda2e86cd1c33271ba0b45f9eadf0b0%26userid%3D9380128%26orderid%3D180421163619464816585a%26sign%3D003a6ea793d6a5bf4d15ed190ae6ec81%26oneprice%3D2"}
2018-04-21 16:36:16:---[10012]---:七乐彩投注成功,orderid:180421163619464816585a
2018-04-21 16:36:17:---[bet]---:{"status":"success","url":".%2Findex.php%3Fact%3Dlottery%26st%3Dlotterypay%26pid%3D1%26prebuyid%3D9102548%26number%3D1%26multiple%3D1%26amount%3D2%26lotteryid%3D51%26lotteryname%3D%25E5%25A4%25A7%25E4%25B9%2590%25E9%2580%258F%26issue%3D18045%26bettype%3D1%26freezeamt%3D0%26ischaseid%3D0%26sid%3Dbd6191da5b58291870223d825e920705ca84b634%26userid%3D9380128%26orderid%3D180421163611433078005a%26sign%3D6aec5c17ab1a7428c0d0b93355f56980%26oneprice%3D2"}
2018-04-21 16:36:17:---[10013]---:大乐透投注成功,orderid:180421163611433078005a
2018-04-21 16:36:17:---[bet]---:{"status":"success","url":".%2Findex.php%3Fact%3Dlottery%26st%3Dlotterypay%26pid%3D1%26prebuyid%3D9102550%26number%3D3%26multiple%3D1%26amount%3D6%26lotteryid%3D51%26lotteryname%3D%25E5%25A4%25A7%25E4%25B9%2590%25E9%2580%258F%26issue%3D18045%26bettype%3D1%26freezeamt%3D0%26ischaseid%3D0%26sid%3D9f21f0ac4f14a8b1cfc5e64491bf4fd8b74b9bab%26userid%3D9380128%26orderid%3D18042116361068477715ad%26sign%3D774aa5c69b655bf67b18e75e94888d01%26oneprice%3D2"}
2018-04-21 16:36:17:---[10014]---:大乐透投注成功,orderid:18042116361068477715ad
2018-04-21 16:36:17:---[bet]---:{"status":"success","url":".%2Findex.php%3Fact%3Dlottery%26st%3Dlotterypay%26pid%3D1%26prebuyid%3D9102552%26number%3D2%26multiple%3D1%26amount%3D4%26lotteryid%3D51%26lotteryname%3D%25E5%25A4%25A7%25E4%25B9%2590%25E9%2580%258F%26issue%3D18045%26bettype%3D1%26freezeamt%3D0%26ischaseid%3D0%26sid%3D2522e5d8d5d01c441ee470d48667111baa622969%26userid%3D9380128%26orderid%3D180421163619658957945a%26sign%3Dd5bbd243e06a725b5966eb6f7195b652%26oneprice%3D2"}
2018-04-21 16:36:17:---[10015]---:大乐透投注成功,orderid:180421163619658957945a
2018-04-21 16:36:18:---[bet]---:{"status":"success","url":".%2Findex.php%3Fact%3Dlottery%26st%3Dlotterypay%26pid%3D1%26prebuyid%3D9102554%26number%3D1%26multiple%3D1%26amount%3D2%26lotteryid%3D52%26lotteryname%3D%25E4%25B8%2583%25E6%2598%259F%25E5%25BD%25A9%26issue%3D18045%26bettype%3D1%26freezeamt%3D0%26ischaseid%3D0%26sid%3Df4fba85ece0877605022d93809910a9637af6c65%26userid%3D9380128%26orderid%3D180421163617931592225a%26sign%3Dba5d07e7066bb800a182ac6b4674a5d3%26oneprice%3D2"}
2018-04-21 16:36:18:---[10016]---:七星彩投注成功,orderid:180421163617931592225a
2018-04-21 16:36:18:---[bet]---:{"status":"success","url":".%2Findex.php%3Fact%3Dlottery%26st%3Dlotterypay%26pid%3D1%26prebuyid%3D9102556%26number%3D2%26multiple%3D1%26amount%3D4%26lotteryid%3D52%26lotteryname%3D%25E4%25B8%2583%25E6%2598%259F%25E5%25BD%25A9%26issue%3D18045%26bettype%3D1%26freezeamt%3D0%26ischaseid%3D0%26sid%3D31ae9344c182fcf42f63f137b5c93f2d32aaef64%26userid%3D9380128%26orderid%3D180421163619346927205a%26sign%3D7a629cbbe3e56ec7e206ddb879d1979c%26oneprice%3D2"}
2018-04-21 16:36:18:---[10017]---:七星彩投注成功,orderid:180421163619346927205a
2018-04-21 16:36:18:---[bet]---:{"status":"success","url":".%2Findex.php%3Fact%3Dlottery%26st%3Dlotterypay%26pid%3D1%26prebuyid%3D9102558%26number%3D1%26multiple%3D1%26amount%3D2%26lotteryid%3D53%26lotteryname%3D%25E6%258E%2592%25E5%2588%2597%25E4%25BA%2594%26issue%3D18104%26bettype%3D1%26freezeamt%3D0%26ischaseid%3D0%26sid%3D5549bdc7bb8bfdf08fc30d79fcd79a3290ff67d4%26userid%3D9380128%26orderid%3D180421163612837819555a%26sign%3Ded3fcbc45ee875a69d51b969787717db%26oneprice%3D2"}
2018-04-21 16:36:18:---[10018]---:排列五投注成功,orderid:180421163612837819555a
2018-04-21 16:36:19:---[bet]---:{"status":"success","url":".%2Findex.php%3Fact%3Dlottery%26st%3Dlotterypay%26pid%3D1%26prebuyid%3D9102560%26number%3D2%26multiple%3D1%26amount%3D4%26lotteryid%3D53%26lotteryname%3D%25E6%258E%2592%25E5%2588%2597%25E4%25BA%2594%26issue%3D18104%26bettype%3D1%26freezeamt%3D0%26ischaseid%3D0%26sid%3D7ceb1567c98d3e82e0e624fc72e738a289e2d3d5%26userid%3D9380128%26orderid%3D18042116361680219835ad%26sign%3D914e37ff3ad9a025655445fb76bccc85%26oneprice%3D2"}
2018-04-21 16:36:19:---[10019]---:排列五投注成功,orderid:18042116361680219835ad
2018-04-21 16:36:19:---[bet]---:{"status":"success","url":".%2Findex.php%3Fact%3Dlottery%26st%3Dlotterypay%26pid%3D1%26prebuyid%3D9102562%26number%3D1%26multiple%3D1%26amount%3D2%26lotteryid%3D54%26lotteryname%3D%25E6%258E%2592%25E5%2588%2597%25E4%25B8%2589%26issue%3D18104%26bettype%3D1%26freezeamt%3D0%26ischaseid%3D0%26sid%3D561bf621ebedf89d440b500bc2d4632b583b76ed%26userid%3D9380128%26orderid%3D180421163615687759875a%26sign%3Df98762ab89c1972e3cdcbbd7e9128b51%26oneprice%3D2"}
2018-04-21 16:36:19:---[10020]---:排列三投注成功,orderid:180421163615687759875a
2018-04-21 16:36:19:---[bet]---:{"status":"success","url":".%2Findex.php%3Fact%3Dlottery%26st%3Dlotterypay%26pid%3D1%26prebuyid%3D9102564%26number%3D2%26multiple%3D1%26amount%3D4%26lotteryid%3D54%26lotteryname%3D%25E6%258E%2592%25E5%2588%2597%25E4%25B8%2589%26issue%3D18104%26bettype%3D1%26freezeamt%3D0%26ischaseid%3D0%26sid%3Ded864db8f75b954ef9cd1f4e410a2b353c40e14e%26userid%3D9380128%26orderid%3D18042116361412620105ad%26sign%3D470f6309187fb90060b65589b7f87851%26oneprice%3D2"}
2018-04-21 16:36:19:---[10021]---:排列三投注成功,orderid:18042116361412620105ad
2018-04-21 16:36:20:---[bet]---:{"status":"success","url":".%2Findex.php%3Fact%3Dlottery%26st%3Dlotterypay%26pid%3D1%26prebuyid%3D9102566%26number%3D3%26multiple%3D1%26amount%3D6%26lotteryid%3D54%26lotteryname%3D%25E6%258E%2592%25E5%2588%2597%25E4%25B8%2589%26issue%3D18104%26bettype%3D1%26freezeamt%3D0%26ischaseid%3D0%26sid%3D431502a19b6469fefd7b8126738c130b2efeac21%26userid%3D9380128%26orderid%3D180421163616598484915a%26sign%3D974a13f011d5dd290e80cb864ef900aa%26oneprice%3D2"}
2018-04-21 16:36:20:---[10022]---:排列三投注成功,orderid:180421163616598484915a
2018-04-21 16:36:20:---[bet]---:{"status":"success","url":".%2Findex.php%3Fact%3Dlottery%26st%3Dlotterypay%26pid%3D1%26prebuyid%3D9102568%26number%3D6%26multiple%3D1%26amount%3D12%26lotteryid%3D54%26lotteryname%3D%25E6%258E%2592%25E5%2588%2597%25E4%25B8%2589%26issue%3D18104%26bettype%3D1%26freezeamt%3D0%26ischaseid%3D0%26sid%3D34566a2e5f4ce3bb2015082590595e4c1f41d403%26userid%3D9380128%26orderid%3D180421163618720828605a%26sign%3D5d6bc43203fca9c1c7a98a721d5ce3f2%26oneprice%3D2"}
2018-04-21 16:36:20:---[10023]---:排列三投注成功,orderid:180421163618720828605a
2018-04-21 16:36:20:---[bet]---:{"status":"success","url":".%2Findex.php%3Fact%3Dlottery%26st%3Dlotterypay%26pid%3D1%26prebuyid%3D9102570%26number%3D1%26multiple%3D1%26amount%3D2%26lotteryid%3D54%26lotteryname%3D%25E6%258E%2592%25E5%2588%2597%25E4%25B8%2589%26issue%3D18104%26bettype%3D1%26freezeamt%3D0%26ischaseid%3D0%26sid%3D2d34589e36973793975497d8953209ebfa8589f3%26userid%3D9380128%26orderid%3D180421163620140045015a%26sign%3Dd4dedc3a1ef3f43043380e929a75087a%26oneprice%3D2"}
2018-04-21 16:36:20:---[10024]---:排列三投注成功,orderid:180421163620140045015a
2018-04-21 16:36:21:---[bet]---:{"status":"success","url":".%2Findex.php%3Fact%3Dlottery%26st%3Dlotterypay%26pid%3D1%26prebuyid%3D9102572%26number%3D2%26multiple%3D1%26amount%3D4%26lotteryid%3D54%26lotteryname%3D%25E6%258E%2592%25E5%2588%2597%25E4%25B8%2589%26issue%3D18104%26bettype%3D1%26freezeamt%3D0%26ischaseid%3D0%26sid%3Dedc0bedc0145b8fc5c85604b27852a27b9c20c86%26userid%3D9380128%26orderid%3D180421163613144133485a%26sign%3D1a5378d21db0423a91fcfa7206176308%26oneprice%3D2"}
2018-04-21 16:36:21:---[10025]---:排列三投注成功,orderid:180421163613144133485a
2018-04-21 16:36:21:---[bet]---:{"status":"success","url":".%2Findex.php%3Fact%3Dlottery%26st%3Dlotterypay%26pid%3D1%26prebuyid%3D9102574%26number%3D1%26multiple%3D1%26amount%3D2%26lotteryid%3D54%26lotteryname%3D%25E6%258E%2592%25E5%2588%2597%25E4%25B8%2589%26issue%3D18104%26bettype%3D1%26freezeamt%3D0%26ischaseid%3D0%26sid%3De097766665529c5a5814a9167f5536801824f46c%26userid%3D9380128%26orderid%3D18042116364366196635ad%26sign%3D8868a19eb9bd816831c558f8709f44f0%26oneprice%3D2"}
2018-04-21 16:36:21:---[10026]---:排列三投注成功,orderid:18042116364366196635ad
2018-04-21 16:43:43:---[10001]---:双色球投注成功,orderid:180421164311671509715a
2018-04-21 16:43:43:---[10002]---:双色球投注成功,orderid:180421164318901021835a
2018-04-21 16:43:44:---[10003]---:双色球投注成功,orderid:180421164313170639845a
2018-04-21 16:43:44:---[10004]---:福彩3D投注成功,orderid:180421164313292895455a
2018-04-21 16:43:44:---[10005]---:福彩3D投注成功,orderid:1804211643519303615ada
2018-04-21 16:43:45:---[10006]---:福彩3D投注成功,orderid:180421164320760759715a
2018-04-21 16:43:45:---[10007]---:福彩3D投注成功,orderid:180421164316879651195a
2018-04-21 16:43:45:---[10008]---:福彩3D投注成功,orderid:180421164316981579275a
2018-04-21 16:43:45:---[10009]---:福彩3D投注成功,orderid:18042116432896415225ad
2018-04-21 16:43:46:---[10010]---:七乐彩投注成功,orderid:18042116435790923285ad
2018-04-21 16:43:46:---[10011]---:七乐彩投注成功,orderid:180421164312222117825a
2018-04-21 16:43:46:---[10012]---:七乐彩投注成功,orderid:180421164313702921675a
2018-04-21 16:43:47:---[10013]---:大乐透投注成功,orderid:18042116431387295095ad
2018-04-21 16:43:47:---[10014]---:大乐透投注成功,orderid:180421164315126690575a
2018-04-21 16:43:47:---[10015]---:大乐透投注成功,orderid:180421164310638757715a
2018-04-21 16:43:48:---[10016]---:七星彩投注成功,orderid:180421164311603525165a
2018-04-21 16:43:48:---[10017]---:七星彩投注成功,orderid:180421164315548986745a
2018-04-21 16:43:48:---[10018]---:排列五投注成功,orderid:180421164317929382245a
2018-04-21 16:43:49:---[10019]---:排列五投注成功,orderid:18042116435757926205ad
2018-04-21 16:43:49:---[10020]---:排列三投注成功,orderid:18042116435864734775ad
2018-04-21 16:43:49:---[10021]---:排列三投注成功,orderid:18042116435186853445ad
2018-04-21 16:43:50:---[10022]---:排列三投注成功,orderid:180421164316271780005a
2018-04-21 16:43:50:---[10023]---:排列三投注成功,orderid:18042116436556901505ad
2018-04-21 16:43:50:---[10024]---:排列三投注成功,orderid:180421164317770237515a
2018-04-21 16:43:51:---[10025]---:排列三投注成功,orderid:18042116434783709345ad
2018-04-21 16:43:51:---[10026]---:排列三投注成功,orderid:180421164316840551075a
2018-04-21 16:43:51:---[10027]---:排列三投注成功,orderid:180421164319470251125a
2018-04-21 16:43:51:---[10028]---:排列三投注成功,orderid:180421164318008841735a
2018-04-21 16:44:19:---[10001]---:双色球投注成功,orderid:180421164413464059915a
2018-04-21 16:44:20:---[10002]---:双色球投注成功,orderid:18042116447870658475ad
2018-04-21 16:44:20:---[10003]---:双色球投注成功,orderid:180421164413250332795a
2018-04-21 16:44:20:---[10004]---:福彩3D投注成功,orderid:18042116443764541665ad
2018-04-21 16:44:21:---[10005]---:福彩3D投注成功,orderid:180421164416510772755a
2018-04-21 16:44:21:---[10006]---:福彩3D投注成功,orderid:18042116445658749505ad
2018-04-21 16:44:21:---[10007]---:福彩3D投注成功,orderid:18042116441701055885ad
2018-04-21 16:44:22:---[10008]---:福彩3D投注成功,orderid:18042116449614969025ad
2018-04-21 16:44:22:---[10009]---:福彩3D投注成功,orderid:18042116445401232195ad
2018-04-21 16:44:22:---[10010]---:七乐彩投注成功,orderid:180421164414035215385a
2018-04-21 16:44:23:---[10011]---:七乐彩投注成功,orderid:18042116447694083805ad
2018-04-21 16:44:23:---[10012]---:七乐彩投注成功,orderid:18042116446895051735ad
2018-04-21 16:44:23:---[10013]---:大乐透投注成功,orderid:180421164412298712635a
2018-04-21 16:44:24:---[10014]---:大乐透投注成功,orderid:180421164418922886925a
2018-04-21 16:44:24:---[10015]---:大乐透投注成功,orderid:180421164413439489325a
2018-04-21 16:44:24:---[10016]---:七星彩投注成功,orderid:180421164420346693635a
2018-04-21 16:44:24:---[10017]---:七星彩投注成功,orderid:18042116446701069555ad
2018-04-21 16:44:25:---[10018]---:排列五投注成功,orderid:180421164418198395285a
2018-04-21 16:44:25:---[10019]---:排列五投注成功,orderid:180421164418084887525a
2018-04-21 16:44:25:---[10020]---:排列三投注成功,orderid:180421164419483403645a
2018-04-21 16:44:26:---[10021]---:排列三投注成功,orderid:180421164413743394605a
2018-04-21 16:44:26:---[10022]---:排列三投注成功,orderid:180421164412338867775a
2018-04-21 16:44:26:---[10023]---:排列三投注成功,orderid:1804211644228555965ada
2018-04-21 16:44:27:---[10024]---:排列三投注成功,orderid:180421164412146093165a
2018-04-21 16:44:27:---[10025]---:排列三投注成功,orderid:180421164495645435adaf
2018-04-21 16:44:27:---[10026]---:排列三投注成功,orderid:18042116448949675805ad
2018-04-21 16:44:28:---[10027]---:排列三投注成功,orderid:180421164413014104395a
2018-04-21 16:44:28:---[10028]---:排列三投注成功,orderid:18042116441092083955ad